INFO - 2024-12-21 10:11:33 --> Session: Class initialized using 'CodeIgniter\Session\Handlers\FileHandler' driver.
WARNING - 2024-12-21 10:11:33 --> [DEPRECATED] Creation of dynamic property App\Controllers\Auth::$view is deprecated in APPPATH\Controllers\BaseController.php on line 59.
 1 APPPATH\Controllers\Auth.php(20): App\Controllers\BaseController->__construct()
 2 SYSTEMPATH\CodeIgniter.php(913): App\Controllers\Auth->__construct()
 3 SYSTEMPATH\CodeIgniter.php(493): CodeIgniter\CodeIgniter->createController()
 4 SYSTEMPATH\CodeIgniter.php(361): CodeIgniter\CodeIgniter->handleRequest(null, Object(Config\Cache), false)
 5 FCPATH\index.php(80): CodeIgniter\CodeIgniter->run()
INFO - 2024-12-21 10:11:33 --> Session: Class initialized using 'CodeIgniter\Session\Handlers\FileHandler' driver.
WARNING - 2024-12-21 10:11:33 --> [DEPRECATED] Creation of dynamic property App\Controllers\Auth::$view is deprecated in APPPATH\Controllers\BaseController.php on line 59.
 1 APPPATH\Controllers\Auth.php(20): App\Controllers\BaseController->__construct()
 2 SYSTEMPATH\CodeIgniter.php(913): App\Controllers\Auth->__construct()
 3 SYSTEMPATH\CodeIgniter.php(493): CodeIgniter\CodeIgniter->createController()
 4 SYSTEMPATH\CodeIgniter.php(361): CodeIgniter\CodeIgniter->handleRequest(null, Object(Config\Cache), false)
 5 FCPATH\index.php(80): CodeIgniter\CodeIgniter->run()
INFO - 2024-12-21 10:11:37 --> Session: Class initialized using 'CodeIgniter\Session\Handlers\FileHandler' driver.
WARNING - 2024-12-21 10:11:37 --> [DEPRECATED] Creation of dynamic property App\Controllers\Auth::$view is deprecated in APPPATH\Controllers\BaseController.php on line 59.
 1 APPPATH\Controllers\Auth.php(20): App\Controllers\BaseController->__construct()
 2 SYSTEMPATH\CodeIgniter.php(913): App\Controllers\Auth->__construct()
 3 SYSTEMPATH\CodeIgniter.php(493): CodeIgniter\CodeIgniter->createController()
 4 SYSTEMPATH\CodeIgniter.php(361): CodeIgniter\CodeIgniter->handleRequest(null, Object(Config\Cache), false)
 5 FCPATH\index.php(80): CodeIgniter\CodeIgniter->run()
INFO - 2024-12-21 10:11:39 --> Session: Class initialized using 'CodeIgniter\Session\Handlers\FileHandler' driver.
WARNING - 2024-12-21 10:11:39 --> [DEPRECATED] Creation of dynamic property App\Controllers\Auth::$view is deprecated in APPPATH\Controllers\BaseController.php on line 59.
 1 APPPATH\Controllers\Auth.php(20): App\Controllers\BaseController->__construct()
 2 SYSTEMPATH\CodeIgniter.php(913): App\Controllers\Auth->__construct()
 3 SYSTEMPATH\CodeIgniter.php(493): CodeIgniter\CodeIgniter->createController()
 4 SYSTEMPATH\CodeIgniter.php(361): CodeIgniter\CodeIgniter->handleRequest(null, Object(Config\Cache), false)
 5 FCPATH\index.php(80): CodeIgniter\CodeIgniter->run()
INFO - 2024-12-21 10:11:40 --> Session: Class initialized using 'CodeIgniter\Session\Handlers\FileHandler' driver.
DEBUG - 2024-12-21 10:11:40 --> Current URL: http://localhost/library/index.php/dashboard
DEBUG - 2024-12-21 10:11:40 --> Last activity timestamp updated.
WARNING - 2024-12-21 10:11:40 --> [DEPRECATED] Creation of dynamic property App\Controllers\DashboardController::$view is deprecated in APPPATH\Controllers\BaseController.php on line 59.
 1 SYSTEMPATH\CodeIgniter.php(913): App\Controllers\BaseController->__construct()
 2 SYSTEMPATH\CodeIgniter.php(493): CodeIgniter\CodeIgniter->createController()
 3 SYSTEMPATH\CodeIgniter.php(361): CodeIgniter\CodeIgniter->handleRequest(null, Object(Config\Cache), false)
 4 FCPATH\index.php(80): CodeIgniter\CodeIgniter->run()
WARNING - 2024-12-21 10:11:40 --> [DEPRECATED] Optional parameter $userId declared before required parameter $role is implicitly treated as a required parameter in APPPATH\Models\Emprunt.php on line 50.
 1 SYSTEMPATH\Autoloader\Autoloader.php(311): include_once('C:\\xampp\\htdocs\\library\\system\\Debug\\Exceptions.php')
 2 SYSTEMPATH\Autoloader\Autoloader.php(290): CodeIgniter\Autoloader\Autoloader->includeFile('C:\\xampp\\htdocs\\library\\app\\Models\\Emprunt.php')
 3 SYSTEMPATH\Autoloader\Autoloader.php(266): CodeIgniter\Autoloader\Autoloader->loadInNamespace('App\\Models\\Emprunt')
 4 APPPATH\Controllers\DashboardController.php(22): CodeIgniter\Autoloader\Autoloader->loadClass('App\\Models\\Emprunt')
 5 SYSTEMPATH\CodeIgniter.php(941): App\Controllers\DashboardController->index()
 6 SYSTEMPATH\CodeIgniter.php(502): CodeIgniter\CodeIgniter->runController(Object(App\Controllers\DashboardController))
 7 SYSTEMPATH\CodeIgniter.php(361): CodeIgniter\CodeIgniter->handleRequest(null, Object(Config\Cache), false)
 8 FCPATH\index.php(80): CodeIgniter\CodeIgniter->run()
INFO - 2024-12-21 10:11:55 --> Session: Class initialized using 'CodeIgniter\Session\Handlers\FileHandler' driver.
DEBUG - 2024-12-21 10:11:55 --> Current URL: http://localhost/library/index.php/memoires
DEBUG - 2024-12-21 10:11:55 --> Last Activity: 1734775900
DEBUG - 2024-12-21 10:11:55 --> Last activity timestamp updated.
WARNING - 2024-12-21 10:11:55 --> [DEPRECATED] Creation of dynamic property App\Controllers\MemoiresController::$view is deprecated in APPPATH\Controllers\BaseController.php on line 59.
 1 APPPATH\Controllers\MemoiresController.php(23): App\Controllers\BaseController->__construct()
 2 SYSTEMPATH\CodeIgniter.php(913): App\Controllers\MemoiresController->__construct()
 3 SYSTEMPATH\CodeIgniter.php(493): CodeIgniter\CodeIgniter->createController()
 4 SYSTEMPATH\CodeIgniter.php(361): CodeIgniter\CodeIgniter->handleRequest(null, Object(Config\Cache), false)
 5 FCPATH\index.php(80): CodeIgniter\CodeIgniter->run()
INFO - 2024-12-21 10:12:10 --> Session: Class initialized using 'CodeIgniter\Session\Handlers\FileHandler' driver.
DEBUG - 2024-12-21 10:12:10 --> Current URL: http://localhost/library/index.php/reservations
DEBUG - 2024-12-21 10:12:10 --> Last Activity: 1734775915
DEBUG - 2024-12-21 10:12:10 --> Last activity timestamp updated.
WARNING - 2024-12-21 10:12:10 --> [DEPRECATED] Creation of dynamic property App\Controllers\ReservationsController::$view is deprecated in APPPATH\Controllers\BaseController.php on line 59.
 1 APPPATH\Controllers\ReservationsController.php(21): App\Controllers\BaseController->__construct()
 2 SYSTEMPATH\CodeIgniter.php(913): App\Controllers\ReservationsController->__construct()
 3 SYSTEMPATH\CodeIgniter.php(493): CodeIgniter\CodeIgniter->createController()
 4 SYSTEMPATH\CodeIgniter.php(361): CodeIgniter\CodeIgniter->handleRequest(null, Object(Config\Cache), false)
 5 FCPATH\index.php(80): CodeIgniter\CodeIgniter->run()
INFO - 2024-12-21 10:12:18 --> Session: Class initialized using 'CodeIgniter\Session\Handlers\FileHandler' driver.
DEBUG - 2024-12-21 10:12:18 --> Current URL: http://localhost/library/index.php/emprunts
DEBUG - 2024-12-21 10:12:18 --> Last Activity: 1734775930
DEBUG - 2024-12-21 10:12:18 --> Last activity timestamp updated.
WARNING - 2024-12-21 10:12:18 --> [DEPRECATED] Creation of dynamic property App\Controllers\EmpruntsController::$view is deprecated in APPPATH\Controllers\BaseController.php on line 59.
 1 APPPATH\Controllers\EmpruntsController.php(28): App\Controllers\BaseController->__construct()
 2 SYSTEMPATH\CodeIgniter.php(913): App\Controllers\EmpruntsController->__construct()
 3 SYSTEMPATH\CodeIgniter.php(493): CodeIgniter\CodeIgniter->createController()
 4 SYSTEMPATH\CodeIgniter.php(361): CodeIgniter\CodeIgniter->handleRequest(null, Object(Config\Cache), false)
 5 FCPATH\index.php(80): CodeIgniter\CodeIgniter->run()
WARNING - 2024-12-21 10:12:18 --> [DEPRECATED] Optional parameter $userId declared before required parameter $role is implicitly treated as a required parameter in APPPATH\Models\Emprunt.php on line 50.
 1 SYSTEMPATH\Autoloader\Autoloader.php(311): include_once('C:\\xampp\\htdocs\\library\\system\\Debug\\Exceptions.php')
 2 SYSTEMPATH\Autoloader\Autoloader.php(290): CodeIgniter\Autoloader\Autoloader->includeFile('C:\\xampp\\htdocs\\library\\app\\Models\\Emprunt.php')
 3 SYSTEMPATH\Autoloader\Autoloader.php(266): CodeIgniter\Autoloader\Autoloader->loadInNamespace('App\\Models\\Emprunt')
 4 APPPATH\Controllers\EmpruntsController.php(30): CodeIgniter\Autoloader\Autoloader->loadClass('App\\Models\\Emprunt')
 5 SYSTEMPATH\CodeIgniter.php(913): App\Controllers\EmpruntsController->__construct()
 6 SYSTEMPATH\CodeIgniter.php(493): CodeIgniter\CodeIgniter->createController()
 7 SYSTEMPATH\CodeIgniter.php(361): CodeIgniter\CodeIgniter->handleRequest(null, Object(Config\Cache), false)
 8 FCPATH\index.php(80): CodeIgniter\CodeIgniter->run()
INFO - 2024-12-21 10:12:24 --> Session: Class initialized using 'CodeIgniter\Session\Handlers\FileHandler' driver.
DEBUG - 2024-12-21 10:12:24 --> Current URL: http://localhost/library/index.php/auteurs
DEBUG - 2024-12-21 10:12:24 --> Last Activity: 1734775938
DEBUG - 2024-12-21 10:12:24 --> Last activity timestamp updated.
WARNING - 2024-12-21 10:12:24 --> [DEPRECATED] Creation of dynamic property App\Controllers\AuteursController::$view is deprecated in APPPATH\Controllers\BaseController.php on line 59.
 1 APPPATH\Controllers\AuteursController.php(16): App\Controllers\BaseController->__construct()
 2 SYSTEMPATH\CodeIgniter.php(913): App\Controllers\AuteursController->__construct()
 3 SYSTEMPATH\CodeIgniter.php(493): CodeIgniter\CodeIgniter->createController()
 4 SYSTEMPATH\CodeIgniter.php(361): CodeIgniter\CodeIgniter->handleRequest(null, Object(Config\Cache), false)
 5 FCPATH\index.php(80): CodeIgniter\CodeIgniter->run()
INFO - 2024-12-21 10:12:29 --> Session: Class initialized using 'CodeIgniter\Session\Handlers\FileHandler' driver.
DEBUG - 2024-12-21 10:12:29 --> Current URL: http://localhost/library/index.php/livres
DEBUG - 2024-12-21 10:12:29 --> Last Activity: 1734775944
DEBUG - 2024-12-21 10:12:29 --> Last activity timestamp updated.
WARNING - 2024-12-21 10:12:30 --> [DEPRECATED] Creation of dynamic property App\Controllers\LivresController::$view is deprecated in APPPATH\Controllers\BaseController.php on line 59.
 1 APPPATH\Controllers\LivresController.php(17): App\Controllers\BaseController->__construct()
 2 SYSTEMPATH\CodeIgniter.php(913): App\Controllers\LivresController->__construct()
 3 SYSTEMPATH\CodeIgniter.php(493): CodeIgniter\CodeIgniter->createController()
 4 SYSTEMPATH\CodeIgniter.php(361): CodeIgniter\CodeIgniter->handleRequest(null, Object(Config\Cache), false)
 5 FCPATH\index.php(80): CodeIgniter\CodeIgniter->run()
INFO - 2024-12-21 10:12:35 --> Session: Class initialized using 'CodeIgniter\Session\Handlers\FileHandler' driver.
DEBUG - 2024-12-21 10:12:35 --> Current URL: http://localhost/library/index.php/user/index
DEBUG - 2024-12-21 10:12:35 --> Last Activity: 1734775949
DEBUG - 2024-12-21 10:12:35 --> Last activity timestamp updated.
WARNING - 2024-12-21 10:12:35 --> [DEPRECATED] Creation of dynamic property App\Controllers\Auth::$view is deprecated in APPPATH\Controllers\BaseController.php on line 59.
 1 APPPATH\Controllers\Auth.php(20): App\Controllers\BaseController->__construct()
 2 SYSTEMPATH\CodeIgniter.php(913): App\Controllers\Auth->__construct()
 3 SYSTEMPATH\CodeIgniter.php(493): CodeIgniter\CodeIgniter->createController()
 4 SYSTEMPATH\CodeIgniter.php(361): CodeIgniter\CodeIgniter->handleRequest(null, Object(Config\Cache), false)
 5 FCPATH\index.php(80): CodeIgniter\CodeIgniter->run()
DEBUG - 2024-12-21 10:12:36 --> Current URL: http://localhost/library/index.php/user/public/dist/img/avatar1.png
INFO - 2024-12-21 10:12:36 --> Session: Class initialized using 'CodeIgniter\Session\Handlers\FileHandler' driver.
DEBUG - 2024-12-21 10:12:36 --> Last Activity: 1734775955
DEBUG - 2024-12-21 10:12:36 --> Last activity timestamp updated.
WARNING - 2024-12-21 10:12:36 --> [DEPRECATED] Creation of dynamic property App\Controllers\ErrorsController::$view is deprecated in APPPATH\Controllers\BaseController.php on line 59.
 1 SYSTEMPATH\CodeIgniter.php(913): App\Controllers\BaseController->__construct()
 2 SYSTEMPATH\CodeIgniter.php(493): CodeIgniter\CodeIgniter->createController()
 3 SYSTEMPATH\CodeIgniter.php(361): CodeIgniter\CodeIgniter->handleRequest(null, Object(Config\Cache), false)
 4 FCPATH\index.php(80): CodeIgniter\CodeIgniter->run()
INFO - 2024-12-21 10:12:38 --> Session: Class initialized using 'CodeIgniter\Session\Handlers\FileHandler' driver.
DEBUG - 2024-12-21 10:12:38 --> Current URL: http://localhost/library/index.php/dashboard
DEBUG - 2024-12-21 10:12:38 --> Last Activity: 1734775956
DEBUG - 2024-12-21 10:12:38 --> Last activity timestamp updated.
WARNING - 2024-12-21 10:12:38 --> [DEPRECATED] Creation of dynamic property App\Controllers\DashboardController::$view is deprecated in APPPATH\Controllers\BaseController.php on line 59.
 1 SYSTEMPATH\CodeIgniter.php(913): App\Controllers\BaseController->__construct()
 2 SYSTEMPATH\CodeIgniter.php(493): CodeIgniter\CodeIgniter->createController()
 3 SYSTEMPATH\CodeIgniter.php(361): CodeIgniter\CodeIgniter->handleRequest(null, Object(Config\Cache), false)
 4 FCPATH\index.php(80): CodeIgniter\CodeIgniter->run()
WARNING - 2024-12-21 10:12:39 --> [DEPRECATED] Optional parameter $userId declared before required parameter $role is implicitly treated as a required parameter in APPPATH\Models\Emprunt.php on line 50.
 1 SYSTEMPATH\Autoloader\Autoloader.php(311): include_once('C:\\xampp\\htdocs\\library\\system\\Debug\\Exceptions.php')
 2 SYSTEMPATH\Autoloader\Autoloader.php(290): CodeIgniter\Autoloader\Autoloader->includeFile('C:\\xampp\\htdocs\\library\\app\\Models\\Emprunt.php')
 3 SYSTEMPATH\Autoloader\Autoloader.php(266): CodeIgniter\Autoloader\Autoloader->loadInNamespace('App\\Models\\Emprunt')
 4 APPPATH\Controllers\DashboardController.php(22): CodeIgniter\Autoloader\Autoloader->loadClass('App\\Models\\Emprunt')
 5 SYSTEMPATH\CodeIgniter.php(941): App\Controllers\DashboardController->index()
 6 SYSTEMPATH\CodeIgniter.php(502): CodeIgniter\CodeIgniter->runController(Object(App\Controllers\DashboardController))
 7 SYSTEMPATH\CodeIgniter.php(361): CodeIgniter\CodeIgniter->handleRequest(null, Object(Config\Cache), false)
 8 FCPATH\index.php(80): CodeIgniter\CodeIgniter->run()
DEBUG - 2024-12-21 10:12:47 --> Current URL: http://localhost/library/index.php/auth/logout
INFO - 2024-12-21 10:12:47 --> Session: Class initialized using 'CodeIgniter\Session\Handlers\FileHandler' driver.
DEBUG - 2024-12-21 10:12:47 --> Last Activity: 1734775958
DEBUG - 2024-12-21 10:12:47 --> Last activity timestamp updated.
WARNING - 2024-12-21 10:12:47 --> [DEPRECATED] Creation of dynamic property App\Controllers\Auth::$view is deprecated in APPPATH\Controllers\BaseController.php on line 59.
 1 APPPATH\Controllers\Auth.php(20): App\Controllers\BaseController->__construct()
 2 SYSTEMPATH\CodeIgniter.php(913): App\Controllers\Auth->__construct()
 3 SYSTEMPATH\CodeIgniter.php(493): CodeIgniter\CodeIgniter->createController()
 4 SYSTEMPATH\CodeIgniter.php(361): CodeIgniter\CodeIgniter->handleRequest(null, Object(Config\Cache), false)
 5 FCPATH\index.php(80): CodeIgniter\CodeIgniter->run()
INFO - 2024-12-21 10:12:48 --> Session: Class initialized using 'CodeIgniter\Session\Handlers\FileHandler' driver.
WARNING - 2024-12-21 10:12:48 --> [DEPRECATED] Creation of dynamic property App\Controllers\Auth::$view is deprecated in APPPATH\Controllers\BaseController.php on line 59.
 1 APPPATH\Controllers\Auth.php(20): App\Controllers\BaseController->__construct()
 2 SYSTEMPATH\CodeIgniter.php(913): App\Controllers\Auth->__construct()
 3 SYSTEMPATH\CodeIgniter.php(493): CodeIgniter\CodeIgniter->createController()
 4 SYSTEMPATH\CodeIgniter.php(361): CodeIgniter\CodeIgniter->handleRequest(null, Object(Config\Cache), false)
 5 FCPATH\index.php(80): CodeIgniter\CodeIgniter->run()
