INFO - 2024-12-20 22:39:30 --> Session: Class initialized using 'CodeIgniter\Session\Handlers\FileHandler' driver.
WARNING - 2024-12-20 22:39:30 --> [DEPRECATED] Creation of dynamic property App\Controllers\Auth::$view is deprecated in APPPATH\Controllers\BaseController.php on line 59.
 1 APPPATH\Controllers\Auth.php(20): App\Controllers\BaseController->__construct()
 2 SYSTEMPATH\CodeIgniter.php(913): App\Controllers\Auth->__construct()
 3 SYSTEMPATH\CodeIgniter.php(493): CodeIgniter\CodeIgniter->createController()
 4 SYSTEMPATH\CodeIgniter.php(361): CodeIgniter\CodeIgniter->handleRequest(null, Object(Config\Cache), false)
 5 FCPATH\index.php(80): CodeIgniter\CodeIgniter->run()
INFO - 2024-12-20 22:39:31 --> Session: Class initialized using 'CodeIgniter\Session\Handlers\FileHandler' driver.
WARNING - 2024-12-20 22:39:31 --> [DEPRECATED] Creation of dynamic property App\Controllers\Auth::$view is deprecated in APPPATH\Controllers\BaseController.php on line 59.
 1 APPPATH\Controllers\Auth.php(20): App\Controllers\BaseController->__construct()
 2 SYSTEMPATH\CodeIgniter.php(913): App\Controllers\Auth->__construct()
 3 SYSTEMPATH\CodeIgniter.php(493): CodeIgniter\CodeIgniter->createController()
 4 SYSTEMPATH\CodeIgniter.php(361): CodeIgniter\CodeIgniter->handleRequest(null, Object(Config\Cache), false)
 5 FCPATH\index.php(80): CodeIgniter\CodeIgniter->run()
INFO - 2024-12-20 22:39:51 --> Session: Class initialized using 'CodeIgniter\Session\Handlers\FileHandler' driver.
WARNING - 2024-12-20 22:39:51 --> [DEPRECATED] Creation of dynamic property App\Controllers\Auth::$view is deprecated in APPPATH\Controllers\BaseController.php on line 59.
 1 APPPATH\Controllers\Auth.php(20): App\Controllers\BaseController->__construct()
 2 SYSTEMPATH\CodeIgniter.php(913): App\Controllers\Auth->__construct()
 3 SYSTEMPATH\CodeIgniter.php(493): CodeIgniter\CodeIgniter->createController()
 4 SYSTEMPATH\CodeIgniter.php(361): CodeIgniter\CodeIgniter->handleRequest(null, Object(Config\Cache), false)
 5 FCPATH\index.php(80): CodeIgniter\CodeIgniter->run()
INFO - 2024-12-20 22:39:53 --> Session: Class initialized using 'CodeIgniter\Session\Handlers\FileHandler' driver.
WARNING - 2024-12-20 22:39:53 --> [DEPRECATED] Creation of dynamic property App\Controllers\Auth::$view is deprecated in APPPATH\Controllers\BaseController.php on line 59.
 1 APPPATH\Controllers\Auth.php(20): App\Controllers\BaseController->__construct()
 2 SYSTEMPATH\CodeIgniter.php(913): App\Controllers\Auth->__construct()
 3 SYSTEMPATH\CodeIgniter.php(493): CodeIgniter\CodeIgniter->createController()
 4 SYSTEMPATH\CodeIgniter.php(361): CodeIgniter\CodeIgniter->handleRequest(null, Object(Config\Cache), false)
 5 FCPATH\index.php(80): CodeIgniter\CodeIgniter->run()
INFO - 2024-12-20 22:39:53 --> Session: Class initialized using 'CodeIgniter\Session\Handlers\FileHandler' driver.
DEBUG - 2024-12-20 22:39:53 --> Current URL: http://localhost/library/index.php/dashboard
DEBUG - 2024-12-20 22:39:53 --> Last activity timestamp updated.
WARNING - 2024-12-20 22:39:53 --> [DEPRECATED] Creation of dynamic property App\Controllers\DashboardController::$view is deprecated in APPPATH\Controllers\BaseController.php on line 59.
 1 SYSTEMPATH\CodeIgniter.php(913): App\Controllers\BaseController->__construct()
 2 SYSTEMPATH\CodeIgniter.php(493): CodeIgniter\CodeIgniter->createController()
 3 SYSTEMPATH\CodeIgniter.php(361): CodeIgniter\CodeIgniter->handleRequest(null, Object(Config\Cache), false)
 4 FCPATH\index.php(80): CodeIgniter\CodeIgniter->run()
WARNING - 2024-12-20 22:39:53 --> [DEPRECATED] Optional parameter $userId declared before required parameter $role is implicitly treated as a required parameter in APPPATH\Models\Emprunt.php on line 50.
 1 SYSTEMPATH\Autoloader\Autoloader.php(311): include_once('C:\\xampp\\htdocs\\library\\system\\Debug\\Exceptions.php')
 2 SYSTEMPATH\Autoloader\Autoloader.php(290): CodeIgniter\Autoloader\Autoloader->includeFile('C:\\xampp\\htdocs\\library\\app\\Models\\Emprunt.php')
 3 SYSTEMPATH\Autoloader\Autoloader.php(266): CodeIgniter\Autoloader\Autoloader->loadInNamespace('App\\Models\\Emprunt')
 4 APPPATH\Controllers\DashboardController.php(22): CodeIgniter\Autoloader\Autoloader->loadClass('App\\Models\\Emprunt')
 5 SYSTEMPATH\CodeIgniter.php(941): App\Controllers\DashboardController->index()
 6 SYSTEMPATH\CodeIgniter.php(502): CodeIgniter\CodeIgniter->runController(Object(App\Controllers\DashboardController))
 7 SYSTEMPATH\CodeIgniter.php(361): CodeIgniter\CodeIgniter->handleRequest(null, Object(Config\Cache), false)
 8 FCPATH\index.php(80): CodeIgniter\CodeIgniter->run()
INFO - 2024-12-20 22:45:54 --> Session: Class initialized using 'CodeIgniter\Session\Handlers\FileHandler' driver.
DEBUG - 2024-12-20 22:45:54 --> Current URL: http://localhost/library/index.php/dashboard
DEBUG - 2024-12-20 22:45:54 --> Last Activity: 1734734393
DEBUG - 2024-12-20 22:45:54 --> Last activity timestamp updated.
WARNING - 2024-12-20 22:45:54 --> [DEPRECATED] Creation of dynamic property App\Controllers\DashboardController::$view is deprecated in APPPATH\Controllers\BaseController.php on line 59.
 1 SYSTEMPATH\CodeIgniter.php(913): App\Controllers\BaseController->__construct()
 2 SYSTEMPATH\CodeIgniter.php(493): CodeIgniter\CodeIgniter->createController()
 3 SYSTEMPATH\CodeIgniter.php(361): CodeIgniter\CodeIgniter->handleRequest(null, Object(Config\Cache), false)
 4 FCPATH\index.php(80): CodeIgniter\CodeIgniter->run()
WARNING - 2024-12-20 22:45:54 --> [DEPRECATED] Optional parameter $userId declared before required parameter $role is implicitly treated as a required parameter in APPPATH\Models\Emprunt.php on line 50.
 1 SYSTEMPATH\Autoloader\Autoloader.php(311): include_once('C:\\xampp\\htdocs\\library\\system\\Debug\\Exceptions.php')
 2 SYSTEMPATH\Autoloader\Autoloader.php(290): CodeIgniter\Autoloader\Autoloader->includeFile('C:\\xampp\\htdocs\\library\\app\\Models\\Emprunt.php')
 3 SYSTEMPATH\Autoloader\Autoloader.php(266): CodeIgniter\Autoloader\Autoloader->loadInNamespace('App\\Models\\Emprunt')
 4 APPPATH\Controllers\DashboardController.php(22): CodeIgniter\Autoloader\Autoloader->loadClass('App\\Models\\Emprunt')
 5 SYSTEMPATH\CodeIgniter.php(941): App\Controllers\DashboardController->index()
 6 SYSTEMPATH\CodeIgniter.php(502): CodeIgniter\CodeIgniter->runController(Object(App\Controllers\DashboardController))
 7 SYSTEMPATH\CodeIgniter.php(361): CodeIgniter\CodeIgniter->handleRequest(null, Object(Config\Cache), false)
 8 FCPATH\index.php(80): CodeIgniter\CodeIgniter->run()
INFO - 2024-12-20 22:46:25 --> Session: Class initialized using 'CodeIgniter\Session\Handlers\FileHandler' driver.
DEBUG - 2024-12-20 22:46:25 --> Current URL: http://localhost/library/index.php/dashboard
DEBUG - 2024-12-20 22:46:25 --> Last Activity: 1734734754
DEBUG - 2024-12-20 22:46:25 --> Last activity timestamp updated.
WARNING - 2024-12-20 22:46:25 --> [DEPRECATED] Creation of dynamic property App\Controllers\DashboardController::$view is deprecated in APPPATH\Controllers\BaseController.php on line 59.
 1 SYSTEMPATH\CodeIgniter.php(913): App\Controllers\BaseController->__construct()
 2 SYSTEMPATH\CodeIgniter.php(493): CodeIgniter\CodeIgniter->createController()
 3 SYSTEMPATH\CodeIgniter.php(361): CodeIgniter\CodeIgniter->handleRequest(null, Object(Config\Cache), false)
 4 FCPATH\index.php(80): CodeIgniter\CodeIgniter->run()
WARNING - 2024-12-20 22:46:25 --> [DEPRECATED] Optional parameter $userId declared before required parameter $role is implicitly treated as a required parameter in APPPATH\Models\Emprunt.php on line 50.
 1 SYSTEMPATH\Autoloader\Autoloader.php(311): include_once('C:\\xampp\\htdocs\\library\\system\\Debug\\Exceptions.php')
 2 SYSTEMPATH\Autoloader\Autoloader.php(290): CodeIgniter\Autoloader\Autoloader->includeFile('C:\\xampp\\htdocs\\library\\app\\Models\\Emprunt.php')
 3 SYSTEMPATH\Autoloader\Autoloader.php(266): CodeIgniter\Autoloader\Autoloader->loadInNamespace('App\\Models\\Emprunt')
 4 APPPATH\Controllers\DashboardController.php(22): CodeIgniter\Autoloader\Autoloader->loadClass('App\\Models\\Emprunt')
 5 SYSTEMPATH\CodeIgniter.php(941): App\Controllers\DashboardController->index()
 6 SYSTEMPATH\CodeIgniter.php(502): CodeIgniter\CodeIgniter->runController(Object(App\Controllers\DashboardController))
 7 SYSTEMPATH\CodeIgniter.php(361): CodeIgniter\CodeIgniter->handleRequest(null, Object(Config\Cache), false)
 8 FCPATH\index.php(80): CodeIgniter\CodeIgniter->run()
INFO - 2024-12-20 22:46:47 --> Session: Class initialized using 'CodeIgniter\Session\Handlers\FileHandler' driver.
DEBUG - 2024-12-20 22:46:48 --> Current URL: http://localhost/library/index.php/dashboard
DEBUG - 2024-12-20 22:46:48 --> Last Activity: 1734734785
DEBUG - 2024-12-20 22:46:48 --> Last activity timestamp updated.
WARNING - 2024-12-20 22:46:48 --> [DEPRECATED] Creation of dynamic property App\Controllers\DashboardController::$view is deprecated in APPPATH\Controllers\BaseController.php on line 59.
 1 SYSTEMPATH\CodeIgniter.php(913): App\Controllers\BaseController->__construct()
 2 SYSTEMPATH\CodeIgniter.php(493): CodeIgniter\CodeIgniter->createController()
 3 SYSTEMPATH\CodeIgniter.php(361): CodeIgniter\CodeIgniter->handleRequest(null, Object(Config\Cache), false)
 4 FCPATH\index.php(80): CodeIgniter\CodeIgniter->run()
WARNING - 2024-12-20 22:46:48 --> [DEPRECATED] Optional parameter $userId declared before required parameter $role is implicitly treated as a required parameter in APPPATH\Models\Emprunt.php on line 50.
 1 SYSTEMPATH\Autoloader\Autoloader.php(311): include_once('C:\\xampp\\htdocs\\library\\system\\Debug\\Exceptions.php')
 2 SYSTEMPATH\Autoloader\Autoloader.php(290): CodeIgniter\Autoloader\Autoloader->includeFile('C:\\xampp\\htdocs\\library\\app\\Models\\Emprunt.php')
 3 SYSTEMPATH\Autoloader\Autoloader.php(266): CodeIgniter\Autoloader\Autoloader->loadInNamespace('App\\Models\\Emprunt')
 4 APPPATH\Controllers\DashboardController.php(22): CodeIgniter\Autoloader\Autoloader->loadClass('App\\Models\\Emprunt')
 5 SYSTEMPATH\CodeIgniter.php(941): App\Controllers\DashboardController->index()
 6 SYSTEMPATH\CodeIgniter.php(502): CodeIgniter\CodeIgniter->runController(Object(App\Controllers\DashboardController))
 7 SYSTEMPATH\CodeIgniter.php(361): CodeIgniter\CodeIgniter->handleRequest(null, Object(Config\Cache), false)
 8 FCPATH\index.php(80): CodeIgniter\CodeIgniter->run()
INFO - 2024-12-20 22:48:33 --> Session: Class initialized using 'CodeIgniter\Session\Handlers\FileHandler' driver.
DEBUG - 2024-12-20 22:48:33 --> Current URL: http://localhost/library/index.php/dashboard
DEBUG - 2024-12-20 22:48:33 --> Last Activity: 1734734808
DEBUG - 2024-12-20 22:48:33 --> Last activity timestamp updated.
WARNING - 2024-12-20 22:48:33 --> [DEPRECATED] Creation of dynamic property App\Controllers\DashboardController::$view is deprecated in APPPATH\Controllers\BaseController.php on line 59.
 1 SYSTEMPATH\CodeIgniter.php(913): App\Controllers\BaseController->__construct()
 2 SYSTEMPATH\CodeIgniter.php(493): CodeIgniter\CodeIgniter->createController()
 3 SYSTEMPATH\CodeIgniter.php(361): CodeIgniter\CodeIgniter->handleRequest(null, Object(Config\Cache), false)
 4 FCPATH\index.php(80): CodeIgniter\CodeIgniter->run()
WARNING - 2024-12-20 22:48:33 --> [DEPRECATED] Optional parameter $userId declared before required parameter $role is implicitly treated as a required parameter in APPPATH\Models\Emprunt.php on line 50.
 1 SYSTEMPATH\Autoloader\Autoloader.php(311): include_once('C:\\xampp\\htdocs\\library\\system\\Debug\\Exceptions.php')
 2 SYSTEMPATH\Autoloader\Autoloader.php(290): CodeIgniter\Autoloader\Autoloader->includeFile('C:\\xampp\\htdocs\\library\\app\\Models\\Emprunt.php')
 3 SYSTEMPATH\Autoloader\Autoloader.php(266): CodeIgniter\Autoloader\Autoloader->loadInNamespace('App\\Models\\Emprunt')
 4 APPPATH\Controllers\DashboardController.php(22): CodeIgniter\Autoloader\Autoloader->loadClass('App\\Models\\Emprunt')
 5 SYSTEMPATH\CodeIgniter.php(941): App\Controllers\DashboardController->index()
 6 SYSTEMPATH\CodeIgniter.php(502): CodeIgniter\CodeIgniter->runController(Object(App\Controllers\DashboardController))
 7 SYSTEMPATH\CodeIgniter.php(361): CodeIgniter\CodeIgniter->handleRequest(null, Object(Config\Cache), false)
 8 FCPATH\index.php(80): CodeIgniter\CodeIgniter->run()
INFO - 2024-12-20 22:49:26 --> Session: Class initialized using 'CodeIgniter\Session\Handlers\FileHandler' driver.
DEBUG - 2024-12-20 22:49:26 --> Current URL: http://localhost/library/index.php/dashboard
DEBUG - 2024-12-20 22:49:26 --> Last Activity: 1734734913
DEBUG - 2024-12-20 22:49:26 --> Last activity timestamp updated.
WARNING - 2024-12-20 22:49:26 --> [DEPRECATED] Creation of dynamic property App\Controllers\DashboardController::$view is deprecated in APPPATH\Controllers\BaseController.php on line 59.
 1 SYSTEMPATH\CodeIgniter.php(913): App\Controllers\BaseController->__construct()
 2 SYSTEMPATH\CodeIgniter.php(493): CodeIgniter\CodeIgniter->createController()
 3 SYSTEMPATH\CodeIgniter.php(361): CodeIgniter\CodeIgniter->handleRequest(null, Object(Config\Cache), false)
 4 FCPATH\index.php(80): CodeIgniter\CodeIgniter->run()
WARNING - 2024-12-20 22:49:26 --> [DEPRECATED] Optional parameter $userId declared before required parameter $role is implicitly treated as a required parameter in APPPATH\Models\Emprunt.php on line 50.
 1 SYSTEMPATH\Autoloader\Autoloader.php(311): include_once('C:\\xampp\\htdocs\\library\\system\\Debug\\Exceptions.php')
 2 SYSTEMPATH\Autoloader\Autoloader.php(290): CodeIgniter\Autoloader\Autoloader->includeFile('C:\\xampp\\htdocs\\library\\app\\Models\\Emprunt.php')
 3 SYSTEMPATH\Autoloader\Autoloader.php(266): CodeIgniter\Autoloader\Autoloader->loadInNamespace('App\\Models\\Emprunt')
 4 APPPATH\Controllers\DashboardController.php(22): CodeIgniter\Autoloader\Autoloader->loadClass('App\\Models\\Emprunt')
 5 SYSTEMPATH\CodeIgniter.php(941): App\Controllers\DashboardController->index()
 6 SYSTEMPATH\CodeIgniter.php(502): CodeIgniter\CodeIgniter->runController(Object(App\Controllers\DashboardController))
 7 SYSTEMPATH\CodeIgniter.php(361): CodeIgniter\CodeIgniter->handleRequest(null, Object(Config\Cache), false)
 8 FCPATH\index.php(80): CodeIgniter\CodeIgniter->run()
INFO - 2024-12-20 22:49:29 --> Session: Class initialized using 'CodeIgniter\Session\Handlers\FileHandler' driver.
DEBUG - 2024-12-20 22:49:29 --> Current URL: http://localhost/library/index.php/dashboard
DEBUG - 2024-12-20 22:49:29 --> Last Activity: 1734734966
DEBUG - 2024-12-20 22:49:29 --> Last activity timestamp updated.
WARNING - 2024-12-20 22:49:29 --> [DEPRECATED] Creation of dynamic property App\Controllers\DashboardController::$view is deprecated in APPPATH\Controllers\BaseController.php on line 59.
 1 SYSTEMPATH\CodeIgniter.php(913): App\Controllers\BaseController->__construct()
 2 SYSTEMPATH\CodeIgniter.php(493): CodeIgniter\CodeIgniter->createController()
 3 SYSTEMPATH\CodeIgniter.php(361): CodeIgniter\CodeIgniter->handleRequest(null, Object(Config\Cache), false)
 4 FCPATH\index.php(80): CodeIgniter\CodeIgniter->run()
WARNING - 2024-12-20 22:49:29 --> [DEPRECATED] Optional parameter $userId declared before required parameter $role is implicitly treated as a required parameter in APPPATH\Models\Emprunt.php on line 50.
 1 SYSTEMPATH\Autoloader\Autoloader.php(311): include_once('C:\\xampp\\htdocs\\library\\system\\Debug\\Exceptions.php')
 2 SYSTEMPATH\Autoloader\Autoloader.php(290): CodeIgniter\Autoloader\Autoloader->includeFile('C:\\xampp\\htdocs\\library\\app\\Models\\Emprunt.php')
 3 SYSTEMPATH\Autoloader\Autoloader.php(266): CodeIgniter\Autoloader\Autoloader->loadInNamespace('App\\Models\\Emprunt')
 4 APPPATH\Controllers\DashboardController.php(22): CodeIgniter\Autoloader\Autoloader->loadClass('App\\Models\\Emprunt')
 5 SYSTEMPATH\CodeIgniter.php(941): App\Controllers\DashboardController->index()
 6 SYSTEMPATH\CodeIgniter.php(502): CodeIgniter\CodeIgniter->runController(Object(App\Controllers\DashboardController))
 7 SYSTEMPATH\CodeIgniter.php(361): CodeIgniter\CodeIgniter->handleRequest(null, Object(Config\Cache), false)
 8 FCPATH\index.php(80): CodeIgniter\CodeIgniter->run()
INFO - 2024-12-20 22:49:52 --> Session: Class initialized using 'CodeIgniter\Session\Handlers\FileHandler' driver.
DEBUG - 2024-12-20 22:49:52 --> Current URL: http://localhost/library/index.php/dashboard
DEBUG - 2024-12-20 22:49:52 --> Last Activity: 1734734969
DEBUG - 2024-12-20 22:49:52 --> Last activity timestamp updated.
WARNING - 2024-12-20 22:49:52 --> [DEPRECATED] Creation of dynamic property App\Controllers\DashboardController::$view is deprecated in APPPATH\Controllers\BaseController.php on line 59.
 1 SYSTEMPATH\CodeIgniter.php(913): App\Controllers\BaseController->__construct()
 2 SYSTEMPATH\CodeIgniter.php(493): CodeIgniter\CodeIgniter->createController()
 3 SYSTEMPATH\CodeIgniter.php(361): CodeIgniter\CodeIgniter->handleRequest(null, Object(Config\Cache), false)
 4 FCPATH\index.php(80): CodeIgniter\CodeIgniter->run()
WARNING - 2024-12-20 22:49:52 --> [DEPRECATED] Optional parameter $userId declared before required parameter $role is implicitly treated as a required parameter in APPPATH\Models\Emprunt.php on line 50.
 1 SYSTEMPATH\Autoloader\Autoloader.php(311): include_once('C:\\xampp\\htdocs\\library\\system\\Debug\\Exceptions.php')
 2 SYSTEMPATH\Autoloader\Autoloader.php(290): CodeIgniter\Autoloader\Autoloader->includeFile('C:\\xampp\\htdocs\\library\\app\\Models\\Emprunt.php')
 3 SYSTEMPATH\Autoloader\Autoloader.php(266): CodeIgniter\Autoloader\Autoloader->loadInNamespace('App\\Models\\Emprunt')
 4 APPPATH\Controllers\DashboardController.php(22): CodeIgniter\Autoloader\Autoloader->loadClass('App\\Models\\Emprunt')
 5 SYSTEMPATH\CodeIgniter.php(941): App\Controllers\DashboardController->index()
 6 SYSTEMPATH\CodeIgniter.php(502): CodeIgniter\CodeIgniter->runController(Object(App\Controllers\DashboardController))
 7 SYSTEMPATH\CodeIgniter.php(361): CodeIgniter\CodeIgniter->handleRequest(null, Object(Config\Cache), false)
 8 FCPATH\index.php(80): CodeIgniter\CodeIgniter->run()
INFO - 2024-12-20 22:50:02 --> Session: Class initialized using 'CodeIgniter\Session\Handlers\FileHandler' driver.
DEBUG - 2024-12-20 22:50:03 --> Current URL: http://localhost/library/index.php/dashboard
DEBUG - 2024-12-20 22:50:03 --> Last Activity: 1734734992
DEBUG - 2024-12-20 22:50:03 --> Last activity timestamp updated.
WARNING - 2024-12-20 22:50:03 --> [DEPRECATED] Creation of dynamic property App\Controllers\DashboardController::$view is deprecated in APPPATH\Controllers\BaseController.php on line 59.
 1 SYSTEMPATH\CodeIgniter.php(913): App\Controllers\BaseController->__construct()
 2 SYSTEMPATH\CodeIgniter.php(493): CodeIgniter\CodeIgniter->createController()
 3 SYSTEMPATH\CodeIgniter.php(361): CodeIgniter\CodeIgniter->handleRequest(null, Object(Config\Cache), false)
 4 FCPATH\index.php(80): CodeIgniter\CodeIgniter->run()
WARNING - 2024-12-20 22:50:03 --> [DEPRECATED] Optional parameter $userId declared before required parameter $role is implicitly treated as a required parameter in APPPATH\Models\Emprunt.php on line 50.
 1 SYSTEMPATH\Autoloader\Autoloader.php(311): include_once('C:\\xampp\\htdocs\\library\\system\\Debug\\Exceptions.php')
 2 SYSTEMPATH\Autoloader\Autoloader.php(290): CodeIgniter\Autoloader\Autoloader->includeFile('C:\\xampp\\htdocs\\library\\app\\Models\\Emprunt.php')
 3 SYSTEMPATH\Autoloader\Autoloader.php(266): CodeIgniter\Autoloader\Autoloader->loadInNamespace('App\\Models\\Emprunt')
 4 APPPATH\Controllers\DashboardController.php(22): CodeIgniter\Autoloader\Autoloader->loadClass('App\\Models\\Emprunt')
 5 SYSTEMPATH\CodeIgniter.php(941): App\Controllers\DashboardController->index()
 6 SYSTEMPATH\CodeIgniter.php(502): CodeIgniter\CodeIgniter->runController(Object(App\Controllers\DashboardController))
 7 SYSTEMPATH\CodeIgniter.php(361): CodeIgniter\CodeIgniter->handleRequest(null, Object(Config\Cache), false)
 8 FCPATH\index.php(80): CodeIgniter\CodeIgniter->run()
INFO - 2024-12-20 22:50:05 --> Session: Class initialized using 'CodeIgniter\Session\Handlers\FileHandler' driver.
DEBUG - 2024-12-20 22:50:05 --> Current URL: http://localhost/library/index.php/dashboard
DEBUG - 2024-12-20 22:50:05 --> Last Activity: 1734735003
DEBUG - 2024-12-20 22:50:05 --> Last activity timestamp updated.
WARNING - 2024-12-20 22:50:05 --> [DEPRECATED] Creation of dynamic property App\Controllers\DashboardController::$view is deprecated in APPPATH\Controllers\BaseController.php on line 59.
 1 SYSTEMPATH\CodeIgniter.php(913): App\Controllers\BaseController->__construct()
 2 SYSTEMPATH\CodeIgniter.php(493): CodeIgniter\CodeIgniter->createController()
 3 SYSTEMPATH\CodeIgniter.php(361): CodeIgniter\CodeIgniter->handleRequest(null, Object(Config\Cache), false)
 4 FCPATH\index.php(80): CodeIgniter\CodeIgniter->run()
WARNING - 2024-12-20 22:50:05 --> [DEPRECATED] Optional parameter $userId declared before required parameter $role is implicitly treated as a required parameter in APPPATH\Models\Emprunt.php on line 50.
 1 SYSTEMPATH\Autoloader\Autoloader.php(311): include_once('C:\\xampp\\htdocs\\library\\system\\Debug\\Exceptions.php')
 2 SYSTEMPATH\Autoloader\Autoloader.php(290): CodeIgniter\Autoloader\Autoloader->includeFile('C:\\xampp\\htdocs\\library\\app\\Models\\Emprunt.php')
 3 SYSTEMPATH\Autoloader\Autoloader.php(266): CodeIgniter\Autoloader\Autoloader->loadInNamespace('App\\Models\\Emprunt')
 4 APPPATH\Controllers\DashboardController.php(22): CodeIgniter\Autoloader\Autoloader->loadClass('App\\Models\\Emprunt')
 5 SYSTEMPATH\CodeIgniter.php(941): App\Controllers\DashboardController->index()
 6 SYSTEMPATH\CodeIgniter.php(502): CodeIgniter\CodeIgniter->runController(Object(App\Controllers\DashboardController))
 7 SYSTEMPATH\CodeIgniter.php(361): CodeIgniter\CodeIgniter->handleRequest(null, Object(Config\Cache), false)
 8 FCPATH\index.php(80): CodeIgniter\CodeIgniter->run()
INFO - 2024-12-20 22:54:16 --> Session: Class initialized using 'CodeIgniter\Session\Handlers\FileHandler' driver.
DEBUG - 2024-12-20 22:54:17 --> Current URL: http://localhost/library/index.php/dashboard
DEBUG - 2024-12-20 22:54:17 --> Last Activity: 1734735005
DEBUG - 2024-12-20 22:54:17 --> Last activity timestamp updated.
WARNING - 2024-12-20 22:54:17 --> [DEPRECATED] Creation of dynamic property App\Controllers\DashboardController::$view is deprecated in APPPATH\Controllers\BaseController.php on line 59.
 1 SYSTEMPATH\CodeIgniter.php(913): App\Controllers\BaseController->__construct()
 2 SYSTEMPATH\CodeIgniter.php(493): CodeIgniter\CodeIgniter->createController()
 3 SYSTEMPATH\CodeIgniter.php(361): CodeIgniter\CodeIgniter->handleRequest(null, Object(Config\Cache), false)
 4 FCPATH\index.php(80): CodeIgniter\CodeIgniter->run()
WARNING - 2024-12-20 22:54:17 --> [DEPRECATED] Optional parameter $userId declared before required parameter $role is implicitly treated as a required parameter in APPPATH\Models\Emprunt.php on line 50.
 1 SYSTEMPATH\Autoloader\Autoloader.php(311): include_once('C:\\xampp\\htdocs\\library\\system\\Debug\\Exceptions.php')
 2 SYSTEMPATH\Autoloader\Autoloader.php(290): CodeIgniter\Autoloader\Autoloader->includeFile('C:\\xampp\\htdocs\\library\\app\\Models\\Emprunt.php')
 3 SYSTEMPATH\Autoloader\Autoloader.php(266): CodeIgniter\Autoloader\Autoloader->loadInNamespace('App\\Models\\Emprunt')
 4 APPPATH\Controllers\DashboardController.php(22): CodeIgniter\Autoloader\Autoloader->loadClass('App\\Models\\Emprunt')
 5 SYSTEMPATH\CodeIgniter.php(941): App\Controllers\DashboardController->index()
 6 SYSTEMPATH\CodeIgniter.php(502): CodeIgniter\CodeIgniter->runController(Object(App\Controllers\DashboardController))
 7 SYSTEMPATH\CodeIgniter.php(361): CodeIgniter\CodeIgniter->handleRequest(null, Object(Config\Cache), false)
 8 FCPATH\index.php(80): CodeIgniter\CodeIgniter->run()
INFO - 2024-12-20 22:54:51 --> Session: Class initialized using 'CodeIgniter\Session\Handlers\FileHandler' driver.
DEBUG - 2024-12-20 22:54:51 --> Current URL: http://localhost/library/index.php/dashboard
DEBUG - 2024-12-20 22:54:51 --> Last Activity: 1734735257
DEBUG - 2024-12-20 22:54:51 --> Last activity timestamp updated.
WARNING - 2024-12-20 22:54:51 --> [DEPRECATED] Creation of dynamic property App\Controllers\DashboardController::$view is deprecated in APPPATH\Controllers\BaseController.php on line 59.
 1 SYSTEMPATH\CodeIgniter.php(913): App\Controllers\BaseController->__construct()
 2 SYSTEMPATH\CodeIgniter.php(493): CodeIgniter\CodeIgniter->createController()
 3 SYSTEMPATH\CodeIgniter.php(361): CodeIgniter\CodeIgniter->handleRequest(null, Object(Config\Cache), false)
 4 FCPATH\index.php(80): CodeIgniter\CodeIgniter->run()
WARNING - 2024-12-20 22:54:51 --> [DEPRECATED] Optional parameter $userId declared before required parameter $role is implicitly treated as a required parameter in APPPATH\Models\Emprunt.php on line 50.
 1 SYSTEMPATH\Autoloader\Autoloader.php(311): include_once('C:\\xampp\\htdocs\\library\\system\\Debug\\Exceptions.php')
 2 SYSTEMPATH\Autoloader\Autoloader.php(290): CodeIgniter\Autoloader\Autoloader->includeFile('C:\\xampp\\htdocs\\library\\app\\Models\\Emprunt.php')
 3 SYSTEMPATH\Autoloader\Autoloader.php(266): CodeIgniter\Autoloader\Autoloader->loadInNamespace('App\\Models\\Emprunt')
 4 APPPATH\Controllers\DashboardController.php(22): CodeIgniter\Autoloader\Autoloader->loadClass('App\\Models\\Emprunt')
 5 SYSTEMPATH\CodeIgniter.php(941): App\Controllers\DashboardController->index()
 6 SYSTEMPATH\CodeIgniter.php(502): CodeIgniter\CodeIgniter->runController(Object(App\Controllers\DashboardController))
 7 SYSTEMPATH\CodeIgniter.php(361): CodeIgniter\CodeIgniter->handleRequest(null, Object(Config\Cache), false)
 8 FCPATH\index.php(80): CodeIgniter\CodeIgniter->run()
INFO - 2024-12-20 22:55:04 --> Session: Class initialized using 'CodeIgniter\Session\Handlers\FileHandler' driver.
DEBUG - 2024-12-20 22:55:04 --> Current URL: http://localhost/library/index.php/dashboard
DEBUG - 2024-12-20 22:55:04 --> Last Activity: 1734735291
DEBUG - 2024-12-20 22:55:04 --> Last activity timestamp updated.
WARNING - 2024-12-20 22:55:04 --> [DEPRECATED] Creation of dynamic property App\Controllers\DashboardController::$view is deprecated in APPPATH\Controllers\BaseController.php on line 59.
 1 SYSTEMPATH\CodeIgniter.php(913): App\Controllers\BaseController->__construct()
 2 SYSTEMPATH\CodeIgniter.php(493): CodeIgniter\CodeIgniter->createController()
 3 SYSTEMPATH\CodeIgniter.php(361): CodeIgniter\CodeIgniter->handleRequest(null, Object(Config\Cache), false)
 4 FCPATH\index.php(80): CodeIgniter\CodeIgniter->run()
WARNING - 2024-12-20 22:55:04 --> [DEPRECATED] Optional parameter $userId declared before required parameter $role is implicitly treated as a required parameter in APPPATH\Models\Emprunt.php on line 50.
 1 SYSTEMPATH\Autoloader\Autoloader.php(311): include_once('C:\\xampp\\htdocs\\library\\system\\Debug\\Exceptions.php')
 2 SYSTEMPATH\Autoloader\Autoloader.php(290): CodeIgniter\Autoloader\Autoloader->includeFile('C:\\xampp\\htdocs\\library\\app\\Models\\Emprunt.php')
 3 SYSTEMPATH\Autoloader\Autoloader.php(266): CodeIgniter\Autoloader\Autoloader->loadInNamespace('App\\Models\\Emprunt')
 4 APPPATH\Controllers\DashboardController.php(22): CodeIgniter\Autoloader\Autoloader->loadClass('App\\Models\\Emprunt')
 5 SYSTEMPATH\CodeIgniter.php(941): App\Controllers\DashboardController->index()
 6 SYSTEMPATH\CodeIgniter.php(502): CodeIgniter\CodeIgniter->runController(Object(App\Controllers\DashboardController))
 7 SYSTEMPATH\CodeIgniter.php(361): CodeIgniter\CodeIgniter->handleRequest(null, Object(Config\Cache), false)
 8 FCPATH\index.php(80): CodeIgniter\CodeIgniter->run()
INFO - 2024-12-20 22:56:58 --> Session: Class initialized using 'CodeIgniter\Session\Handlers\FileHandler' driver.
DEBUG - 2024-12-20 22:56:58 --> Current URL: http://localhost/library/index.php/dashboard
DEBUG - 2024-12-20 22:56:58 --> Last Activity: 1734735304
DEBUG - 2024-12-20 22:56:58 --> Last activity timestamp updated.
WARNING - 2024-12-20 22:56:58 --> [DEPRECATED] Creation of dynamic property App\Controllers\DashboardController::$view is deprecated in APPPATH\Controllers\BaseController.php on line 59.
 1 SYSTEMPATH\CodeIgniter.php(913): App\Controllers\BaseController->__construct()
 2 SYSTEMPATH\CodeIgniter.php(493): CodeIgniter\CodeIgniter->createController()
 3 SYSTEMPATH\CodeIgniter.php(361): CodeIgniter\CodeIgniter->handleRequest(null, Object(Config\Cache), false)
 4 FCPATH\index.php(80): CodeIgniter\CodeIgniter->run()
WARNING - 2024-12-20 22:56:58 --> [DEPRECATED] Optional parameter $userId declared before required parameter $role is implicitly treated as a required parameter in APPPATH\Models\Emprunt.php on line 50.
 1 SYSTEMPATH\Autoloader\Autoloader.php(311): include_once('C:\\xampp\\htdocs\\library\\system\\Debug\\Exceptions.php')
 2 SYSTEMPATH\Autoloader\Autoloader.php(290): CodeIgniter\Autoloader\Autoloader->includeFile('C:\\xampp\\htdocs\\library\\app\\Models\\Emprunt.php')
 3 SYSTEMPATH\Autoloader\Autoloader.php(266): CodeIgniter\Autoloader\Autoloader->loadInNamespace('App\\Models\\Emprunt')
 4 APPPATH\Controllers\DashboardController.php(22): CodeIgniter\Autoloader\Autoloader->loadClass('App\\Models\\Emprunt')
 5 SYSTEMPATH\CodeIgniter.php(941): App\Controllers\DashboardController->index()
 6 SYSTEMPATH\CodeIgniter.php(502): CodeIgniter\CodeIgniter->runController(Object(App\Controllers\DashboardController))
 7 SYSTEMPATH\CodeIgniter.php(361): CodeIgniter\CodeIgniter->handleRequest(null, Object(Config\Cache), false)
 8 FCPATH\index.php(80): CodeIgniter\CodeIgniter->run()
INFO - 2024-12-20 22:57:23 --> Session: Class initialized using 'CodeIgniter\Session\Handlers\FileHandler' driver.
DEBUG - 2024-12-20 22:57:23 --> Current URL: http://localhost/library/index.php/dashboard
DEBUG - 2024-12-20 22:57:23 --> Last Activity: 1734735418
DEBUG - 2024-12-20 22:57:23 --> Last activity timestamp updated.
WARNING - 2024-12-20 22:57:23 --> [DEPRECATED] Creation of dynamic property App\Controllers\DashboardController::$view is deprecated in APPPATH\Controllers\BaseController.php on line 59.
 1 SYSTEMPATH\CodeIgniter.php(913): App\Controllers\BaseController->__construct()
 2 SYSTEMPATH\CodeIgniter.php(493): CodeIgniter\CodeIgniter->createController()
 3 SYSTEMPATH\CodeIgniter.php(361): CodeIgniter\CodeIgniter->handleRequest(null, Object(Config\Cache), false)
 4 FCPATH\index.php(80): CodeIgniter\CodeIgniter->run()
WARNING - 2024-12-20 22:57:23 --> [DEPRECATED] Optional parameter $userId declared before required parameter $role is implicitly treated as a required parameter in APPPATH\Models\Emprunt.php on line 50.
 1 SYSTEMPATH\Autoloader\Autoloader.php(311): include_once('C:\\xampp\\htdocs\\library\\system\\Debug\\Exceptions.php')
 2 SYSTEMPATH\Autoloader\Autoloader.php(290): CodeIgniter\Autoloader\Autoloader->includeFile('C:\\xampp\\htdocs\\library\\app\\Models\\Emprunt.php')
 3 SYSTEMPATH\Autoloader\Autoloader.php(266): CodeIgniter\Autoloader\Autoloader->loadInNamespace('App\\Models\\Emprunt')
 4 APPPATH\Controllers\DashboardController.php(22): CodeIgniter\Autoloader\Autoloader->loadClass('App\\Models\\Emprunt')
 5 SYSTEMPATH\CodeIgniter.php(941): App\Controllers\DashboardController->index()
 6 SYSTEMPATH\CodeIgniter.php(502): CodeIgniter\CodeIgniter->runController(Object(App\Controllers\DashboardController))
 7 SYSTEMPATH\CodeIgniter.php(361): CodeIgniter\CodeIgniter->handleRequest(null, Object(Config\Cache), false)
 8 FCPATH\index.php(80): CodeIgniter\CodeIgniter->run()
INFO - 2024-12-20 22:57:25 --> Session: Class initialized using 'CodeIgniter\Session\Handlers\FileHandler' driver.
DEBUG - 2024-12-20 22:57:26 --> Current URL: http://localhost/library/index.php/dashboard
DEBUG - 2024-12-20 22:57:26 --> Last Activity: 1734735443
DEBUG - 2024-12-20 22:57:26 --> Last activity timestamp updated.
WARNING - 2024-12-20 22:57:26 --> [DEPRECATED] Creation of dynamic property App\Controllers\DashboardController::$view is deprecated in APPPATH\Controllers\BaseController.php on line 59.
 1 SYSTEMPATH\CodeIgniter.php(913): App\Controllers\BaseController->__construct()
 2 SYSTEMPATH\CodeIgniter.php(493): CodeIgniter\CodeIgniter->createController()
 3 SYSTEMPATH\CodeIgniter.php(361): CodeIgniter\CodeIgniter->handleRequest(null, Object(Config\Cache), false)
 4 FCPATH\index.php(80): CodeIgniter\CodeIgniter->run()
WARNING - 2024-12-20 22:57:26 --> [DEPRECATED] Optional parameter $userId declared before required parameter $role is implicitly treated as a required parameter in APPPATH\Models\Emprunt.php on line 50.
 1 SYSTEMPATH\Autoloader\Autoloader.php(311): include_once('C:\\xampp\\htdocs\\library\\system\\Debug\\Exceptions.php')
 2 SYSTEMPATH\Autoloader\Autoloader.php(290): CodeIgniter\Autoloader\Autoloader->includeFile('C:\\xampp\\htdocs\\library\\app\\Models\\Emprunt.php')
 3 SYSTEMPATH\Autoloader\Autoloader.php(266): CodeIgniter\Autoloader\Autoloader->loadInNamespace('App\\Models\\Emprunt')
 4 APPPATH\Controllers\DashboardController.php(22): CodeIgniter\Autoloader\Autoloader->loadClass('App\\Models\\Emprunt')
 5 SYSTEMPATH\CodeIgniter.php(941): App\Controllers\DashboardController->index()
 6 SYSTEMPATH\CodeIgniter.php(502): CodeIgniter\CodeIgniter->runController(Object(App\Controllers\DashboardController))
 7 SYSTEMPATH\CodeIgniter.php(361): CodeIgniter\CodeIgniter->handleRequest(null, Object(Config\Cache), false)
 8 FCPATH\index.php(80): CodeIgniter\CodeIgniter->run()
INFO - 2024-12-20 23:01:59 --> Session: Class initialized using 'CodeIgniter\Session\Handlers\FileHandler' driver.
DEBUG - 2024-12-20 23:01:59 --> Current URL: http://localhost/library/index.php/dashboard
DEBUG - 2024-12-20 23:01:59 --> Last Activity: 1734735446
DEBUG - 2024-12-20 23:01:59 --> Last activity timestamp updated.
WARNING - 2024-12-20 23:01:59 --> [DEPRECATED] Creation of dynamic property App\Controllers\DashboardController::$view is deprecated in APPPATH\Controllers\BaseController.php on line 59.
 1 SYSTEMPATH\CodeIgniter.php(913): App\Controllers\BaseController->__construct()
 2 SYSTEMPATH\CodeIgniter.php(493): CodeIgniter\CodeIgniter->createController()
 3 SYSTEMPATH\CodeIgniter.php(361): CodeIgniter\CodeIgniter->handleRequest(null, Object(Config\Cache), false)
 4 FCPATH\index.php(80): CodeIgniter\CodeIgniter->run()
WARNING - 2024-12-20 23:01:59 --> [DEPRECATED] Optional parameter $userId declared before required parameter $role is implicitly treated as a required parameter in APPPATH\Models\Emprunt.php on line 50.
 1 SYSTEMPATH\Autoloader\Autoloader.php(311): include_once('C:\\xampp\\htdocs\\library\\system\\Debug\\Exceptions.php')
 2 SYSTEMPATH\Autoloader\Autoloader.php(290): CodeIgniter\Autoloader\Autoloader->includeFile('C:\\xampp\\htdocs\\library\\app\\Models\\Emprunt.php')
 3 SYSTEMPATH\Autoloader\Autoloader.php(266): CodeIgniter\Autoloader\Autoloader->loadInNamespace('App\\Models\\Emprunt')
 4 APPPATH\Controllers\DashboardController.php(22): CodeIgniter\Autoloader\Autoloader->loadClass('App\\Models\\Emprunt')
 5 SYSTEMPATH\CodeIgniter.php(941): App\Controllers\DashboardController->index()
 6 SYSTEMPATH\CodeIgniter.php(502): CodeIgniter\CodeIgniter->runController(Object(App\Controllers\DashboardController))
 7 SYSTEMPATH\CodeIgniter.php(361): CodeIgniter\CodeIgniter->handleRequest(null, Object(Config\Cache), false)
 8 FCPATH\index.php(80): CodeIgniter\CodeIgniter->run()
INFO - 2024-12-20 23:07:39 --> Session: Class initialized using 'CodeIgniter\Session\Handlers\FileHandler' driver.
DEBUG - 2024-12-20 23:07:39 --> Current URL: http://localhost/library/index.php/dashboard
DEBUG - 2024-12-20 23:07:39 --> Last Activity: 1734735719
DEBUG - 2024-12-20 23:07:39 --> Last activity timestamp updated.
WARNING - 2024-12-20 23:07:39 --> [DEPRECATED] Creation of dynamic property App\Controllers\DashboardController::$view is deprecated in APPPATH\Controllers\BaseController.php on line 59.
 1 SYSTEMPATH\CodeIgniter.php(913): App\Controllers\BaseController->__construct()
 2 SYSTEMPATH\CodeIgniter.php(493): CodeIgniter\CodeIgniter->createController()
 3 SYSTEMPATH\CodeIgniter.php(361): CodeIgniter\CodeIgniter->handleRequest(null, Object(Config\Cache), false)
 4 FCPATH\index.php(80): CodeIgniter\CodeIgniter->run()
WARNING - 2024-12-20 23:07:39 --> [DEPRECATED] Optional parameter $userId declared before required parameter $role is implicitly treated as a required parameter in APPPATH\Models\Emprunt.php on line 50.
 1 SYSTEMPATH\Autoloader\Autoloader.php(311): include_once('C:\\xampp\\htdocs\\library\\system\\Debug\\Exceptions.php')
 2 SYSTEMPATH\Autoloader\Autoloader.php(290): CodeIgniter\Autoloader\Autoloader->includeFile('C:\\xampp\\htdocs\\library\\app\\Models\\Emprunt.php')
 3 SYSTEMPATH\Autoloader\Autoloader.php(266): CodeIgniter\Autoloader\Autoloader->loadInNamespace('App\\Models\\Emprunt')
 4 APPPATH\Controllers\DashboardController.php(22): CodeIgniter\Autoloader\Autoloader->loadClass('App\\Models\\Emprunt')
 5 SYSTEMPATH\CodeIgniter.php(941): App\Controllers\DashboardController->index()
 6 SYSTEMPATH\CodeIgniter.php(502): CodeIgniter\CodeIgniter->runController(Object(App\Controllers\DashboardController))
 7 SYSTEMPATH\CodeIgniter.php(361): CodeIgniter\CodeIgniter->handleRequest(null, Object(Config\Cache), false)
 8 FCPATH\index.php(80): CodeIgniter\CodeIgniter->run()
INFO - 2024-12-20 23:08:10 --> Session: Class initialized using 'CodeIgniter\Session\Handlers\FileHandler' driver.
DEBUG - 2024-12-20 23:08:10 --> Current URL: http://localhost/library/index.php/dashboard
DEBUG - 2024-12-20 23:08:10 --> Last Activity: 1734736059
DEBUG - 2024-12-20 23:08:10 --> Last activity timestamp updated.
WARNING - 2024-12-20 23:08:10 --> [DEPRECATED] Creation of dynamic property App\Controllers\DashboardController::$view is deprecated in APPPATH\Controllers\BaseController.php on line 59.
 1 SYSTEMPATH\CodeIgniter.php(913): App\Controllers\BaseController->__construct()
 2 SYSTEMPATH\CodeIgniter.php(493): CodeIgniter\CodeIgniter->createController()
 3 SYSTEMPATH\CodeIgniter.php(361): CodeIgniter\CodeIgniter->handleRequest(null, Object(Config\Cache), false)
 4 FCPATH\index.php(80): CodeIgniter\CodeIgniter->run()
WARNING - 2024-12-20 23:08:10 --> [DEPRECATED] Optional parameter $userId declared before required parameter $role is implicitly treated as a required parameter in APPPATH\Models\Emprunt.php on line 50.
 1 SYSTEMPATH\Autoloader\Autoloader.php(311): include_once('C:\\xampp\\htdocs\\library\\system\\Debug\\Exceptions.php')
 2 SYSTEMPATH\Autoloader\Autoloader.php(290): CodeIgniter\Autoloader\Autoloader->includeFile('C:\\xampp\\htdocs\\library\\app\\Models\\Emprunt.php')
 3 SYSTEMPATH\Autoloader\Autoloader.php(266): CodeIgniter\Autoloader\Autoloader->loadInNamespace('App\\Models\\Emprunt')
 4 APPPATH\Controllers\DashboardController.php(22): CodeIgniter\Autoloader\Autoloader->loadClass('App\\Models\\Emprunt')
 5 SYSTEMPATH\CodeIgniter.php(941): App\Controllers\DashboardController->index()
 6 SYSTEMPATH\CodeIgniter.php(502): CodeIgniter\CodeIgniter->runController(Object(App\Controllers\DashboardController))
 7 SYSTEMPATH\CodeIgniter.php(361): CodeIgniter\CodeIgniter->handleRequest(null, Object(Config\Cache), false)
 8 FCPATH\index.php(80): CodeIgniter\CodeIgniter->run()
INFO - 2024-12-20 23:19:44 --> Session: Class initialized using 'CodeIgniter\Session\Handlers\FileHandler' driver.
DEBUG - 2024-12-20 23:19:44 --> Current URL: http://localhost/library/index.php/dashboard
DEBUG - 2024-12-20 23:19:44 --> Last Activity: 1734736090
DEBUG - 2024-12-20 23:19:44 --> Last activity timestamp updated.
WARNING - 2024-12-20 23:19:44 --> [DEPRECATED] Creation of dynamic property App\Controllers\DashboardController::$view is deprecated in APPPATH\Controllers\BaseController.php on line 59.
 1 SYSTEMPATH\CodeIgniter.php(913): App\Controllers\BaseController->__construct()
 2 SYSTEMPATH\CodeIgniter.php(493): CodeIgniter\CodeIgniter->createController()
 3 SYSTEMPATH\CodeIgniter.php(361): CodeIgniter\CodeIgniter->handleRequest(null, Object(Config\Cache), false)
 4 FCPATH\index.php(80): CodeIgniter\CodeIgniter->run()
WARNING - 2024-12-20 23:19:44 --> [DEPRECATED] Optional parameter $userId declared before required parameter $role is implicitly treated as a required parameter in APPPATH\Models\Emprunt.php on line 50.
 1 SYSTEMPATH\Autoloader\Autoloader.php(311): include_once('C:\\xampp\\htdocs\\library\\system\\Debug\\Exceptions.php')
 2 SYSTEMPATH\Autoloader\Autoloader.php(290): CodeIgniter\Autoloader\Autoloader->includeFile('C:\\xampp\\htdocs\\library\\app\\Models\\Emprunt.php')
 3 SYSTEMPATH\Autoloader\Autoloader.php(266): CodeIgniter\Autoloader\Autoloader->loadInNamespace('App\\Models\\Emprunt')
 4 APPPATH\Controllers\DashboardController.php(22): CodeIgniter\Autoloader\Autoloader->loadClass('App\\Models\\Emprunt')
 5 SYSTEMPATH\CodeIgniter.php(941): App\Controllers\DashboardController->index()
 6 SYSTEMPATH\CodeIgniter.php(502): CodeIgniter\CodeIgniter->runController(Object(App\Controllers\DashboardController))
 7 SYSTEMPATH\CodeIgniter.php(361): CodeIgniter\CodeIgniter->handleRequest(null, Object(Config\Cache), false)
 8 FCPATH\index.php(80): CodeIgniter\CodeIgniter->run()
INFO - 2024-12-20 23:20:01 --> Session: Class initialized using 'CodeIgniter\Session\Handlers\FileHandler' driver.
DEBUG - 2024-12-20 23:20:01 --> Current URL: http://localhost/library/index.php/dashboard
DEBUG - 2024-12-20 23:20:01 --> Last Activity: 1734736784
DEBUG - 2024-12-20 23:20:01 --> Last activity timestamp updated.
WARNING - 2024-12-20 23:20:01 --> [DEPRECATED] Creation of dynamic property App\Controllers\DashboardController::$view is deprecated in APPPATH\Controllers\BaseController.php on line 59.
 1 SYSTEMPATH\CodeIgniter.php(913): App\Controllers\BaseController->__construct()
 2 SYSTEMPATH\CodeIgniter.php(493): CodeIgniter\CodeIgniter->createController()
 3 SYSTEMPATH\CodeIgniter.php(361): CodeIgniter\CodeIgniter->handleRequest(null, Object(Config\Cache), false)
 4 FCPATH\index.php(80): CodeIgniter\CodeIgniter->run()
WARNING - 2024-12-20 23:20:01 --> [DEPRECATED] Optional parameter $userId declared before required parameter $role is implicitly treated as a required parameter in APPPATH\Models\Emprunt.php on line 50.
 1 SYSTEMPATH\Autoloader\Autoloader.php(311): include_once('C:\\xampp\\htdocs\\library\\system\\Debug\\Exceptions.php')
 2 SYSTEMPATH\Autoloader\Autoloader.php(290): CodeIgniter\Autoloader\Autoloader->includeFile('C:\\xampp\\htdocs\\library\\app\\Models\\Emprunt.php')
 3 SYSTEMPATH\Autoloader\Autoloader.php(266): CodeIgniter\Autoloader\Autoloader->loadInNamespace('App\\Models\\Emprunt')
 4 APPPATH\Controllers\DashboardController.php(22): CodeIgniter\Autoloader\Autoloader->loadClass('App\\Models\\Emprunt')
 5 SYSTEMPATH\CodeIgniter.php(941): App\Controllers\DashboardController->index()
 6 SYSTEMPATH\CodeIgniter.php(502): CodeIgniter\CodeIgniter->runController(Object(App\Controllers\DashboardController))
 7 SYSTEMPATH\CodeIgniter.php(361): CodeIgniter\CodeIgniter->handleRequest(null, Object(Config\Cache), false)
 8 FCPATH\index.php(80): CodeIgniter\CodeIgniter->run()
INFO - 2024-12-20 23:20:07 --> Session: Class initialized using 'CodeIgniter\Session\Handlers\FileHandler' driver.
DEBUG - 2024-12-20 23:20:07 --> Current URL: http://localhost/library/index.php/dashboard
DEBUG - 2024-12-20 23:20:07 --> Last Activity: 1734736801
DEBUG - 2024-12-20 23:20:07 --> Last activity timestamp updated.
WARNING - 2024-12-20 23:20:07 --> [DEPRECATED] Creation of dynamic property App\Controllers\DashboardController::$view is deprecated in APPPATH\Controllers\BaseController.php on line 59.
 1 SYSTEMPATH\CodeIgniter.php(913): App\Controllers\BaseController->__construct()
 2 SYSTEMPATH\CodeIgniter.php(493): CodeIgniter\CodeIgniter->createController()
 3 SYSTEMPATH\CodeIgniter.php(361): CodeIgniter\CodeIgniter->handleRequest(null, Object(Config\Cache), false)
 4 FCPATH\index.php(80): CodeIgniter\CodeIgniter->run()
WARNING - 2024-12-20 23:20:07 --> [DEPRECATED] Optional parameter $userId declared before required parameter $role is implicitly treated as a required parameter in APPPATH\Models\Emprunt.php on line 50.
 1 SYSTEMPATH\Autoloader\Autoloader.php(311): include_once('C:\\xampp\\htdocs\\library\\system\\Debug\\Exceptions.php')
 2 SYSTEMPATH\Autoloader\Autoloader.php(290): CodeIgniter\Autoloader\Autoloader->includeFile('C:\\xampp\\htdocs\\library\\app\\Models\\Emprunt.php')
 3 SYSTEMPATH\Autoloader\Autoloader.php(266): CodeIgniter\Autoloader\Autoloader->loadInNamespace('App\\Models\\Emprunt')
 4 APPPATH\Controllers\DashboardController.php(22): CodeIgniter\Autoloader\Autoloader->loadClass('App\\Models\\Emprunt')
 5 SYSTEMPATH\CodeIgniter.php(941): App\Controllers\DashboardController->index()
 6 SYSTEMPATH\CodeIgniter.php(502): CodeIgniter\CodeIgniter->runController(Object(App\Controllers\DashboardController))
 7 SYSTEMPATH\CodeIgniter.php(361): CodeIgniter\CodeIgniter->handleRequest(null, Object(Config\Cache), false)
 8 FCPATH\index.php(80): CodeIgniter\CodeIgniter->run()
INFO - 2024-12-20 23:20:10 --> Session: Class initialized using 'CodeIgniter\Session\Handlers\FileHandler' driver.
DEBUG - 2024-12-20 23:20:10 --> Current URL: http://localhost/library/index.php/dashboard
DEBUG - 2024-12-20 23:20:10 --> Last Activity: 1734736807
DEBUG - 2024-12-20 23:20:10 --> Last activity timestamp updated.
WARNING - 2024-12-20 23:20:10 --> [DEPRECATED] Creation of dynamic property App\Controllers\DashboardController::$view is deprecated in APPPATH\Controllers\BaseController.php on line 59.
 1 SYSTEMPATH\CodeIgniter.php(913): App\Controllers\BaseController->__construct()
 2 SYSTEMPATH\CodeIgniter.php(493): CodeIgniter\CodeIgniter->createController()
 3 SYSTEMPATH\CodeIgniter.php(361): CodeIgniter\CodeIgniter->handleRequest(null, Object(Config\Cache), false)
 4 FCPATH\index.php(80): CodeIgniter\CodeIgniter->run()
WARNING - 2024-12-20 23:20:10 --> [DEPRECATED] Optional parameter $userId declared before required parameter $role is implicitly treated as a required parameter in APPPATH\Models\Emprunt.php on line 50.
 1 SYSTEMPATH\Autoloader\Autoloader.php(311): include_once('C:\\xampp\\htdocs\\library\\system\\Debug\\Exceptions.php')
 2 SYSTEMPATH\Autoloader\Autoloader.php(290): CodeIgniter\Autoloader\Autoloader->includeFile('C:\\xampp\\htdocs\\library\\app\\Models\\Emprunt.php')
 3 SYSTEMPATH\Autoloader\Autoloader.php(266): CodeIgniter\Autoloader\Autoloader->loadInNamespace('App\\Models\\Emprunt')
 4 APPPATH\Controllers\DashboardController.php(22): CodeIgniter\Autoloader\Autoloader->loadClass('App\\Models\\Emprunt')
 5 SYSTEMPATH\CodeIgniter.php(941): App\Controllers\DashboardController->index()
 6 SYSTEMPATH\CodeIgniter.php(502): CodeIgniter\CodeIgniter->runController(Object(App\Controllers\DashboardController))
 7 SYSTEMPATH\CodeIgniter.php(361): CodeIgniter\CodeIgniter->handleRequest(null, Object(Config\Cache), false)
 8 FCPATH\index.php(80): CodeIgniter\CodeIgniter->run()
INFO - 2024-12-20 23:23:28 --> Session: Class initialized using 'CodeIgniter\Session\Handlers\FileHandler' driver.
DEBUG - 2024-12-20 23:23:28 --> Current URL: http://localhost/library/index.php/dashboard
DEBUG - 2024-12-20 23:23:28 --> Last Activity: 1734736810
DEBUG - 2024-12-20 23:23:28 --> Last activity timestamp updated.
WARNING - 2024-12-20 23:23:28 --> [DEPRECATED] Creation of dynamic property App\Controllers\DashboardController::$view is deprecated in APPPATH\Controllers\BaseController.php on line 59.
 1 SYSTEMPATH\CodeIgniter.php(913): App\Controllers\BaseController->__construct()
 2 SYSTEMPATH\CodeIgniter.php(493): CodeIgniter\CodeIgniter->createController()
 3 SYSTEMPATH\CodeIgniter.php(361): CodeIgniter\CodeIgniter->handleRequest(null, Object(Config\Cache), false)
 4 FCPATH\index.php(80): CodeIgniter\CodeIgniter->run()
WARNING - 2024-12-20 23:23:28 --> [DEPRECATED] Optional parameter $userId declared before required parameter $role is implicitly treated as a required parameter in APPPATH\Models\Emprunt.php on line 50.
 1 SYSTEMPATH\Autoloader\Autoloader.php(311): include_once('C:\\xampp\\htdocs\\library\\system\\Debug\\Exceptions.php')
 2 SYSTEMPATH\Autoloader\Autoloader.php(290): CodeIgniter\Autoloader\Autoloader->includeFile('C:\\xampp\\htdocs\\library\\app\\Models\\Emprunt.php')
 3 SYSTEMPATH\Autoloader\Autoloader.php(266): CodeIgniter\Autoloader\Autoloader->loadInNamespace('App\\Models\\Emprunt')
 4 APPPATH\Controllers\DashboardController.php(21): CodeIgniter\Autoloader\Autoloader->loadClass('App\\Models\\Emprunt')
 5 SYSTEMPATH\CodeIgniter.php(941): App\Controllers\DashboardController->index()
 6 SYSTEMPATH\CodeIgniter.php(502): CodeIgniter\CodeIgniter->runController(Object(App\Controllers\DashboardController))
 7 SYSTEMPATH\CodeIgniter.php(361): CodeIgniter\CodeIgniter->handleRequest(null, Object(Config\Cache), false)
 8 FCPATH\index.php(80): CodeIgniter\CodeIgniter->run()
CRITICAL - 2024-12-20 23:23:28 --> ErrorException: Undefined variable $totalQuantite
in APPPATH\Views\dashboard\index.php on line 33.
 1 APPPATH\Views\dashboard\index.php(33): CodeIgniter\Debug\Exceptions->errorHandler(2, 'Undefined variable $totalQuantite', 'C:\\xampp\\htdocs\\library\\app\\Views\\dashboard\\index.php', 33)
 2 SYSTEMPATH\View\View.php(228): include('C:\\xampp\\htdocs\\library\\app\\Views\\dashboard\\index.php')
 3 SYSTEMPATH\View\View.php(231): CodeIgniter\View\View->CodeIgniter\View\{closure}()
 4 SYSTEMPATH\Common.php(1178): CodeIgniter\View\View->render('dashboard/index', [], true)
 5 APPPATH\Controllers\DashboardController.php(108): view('dashboard/index', [...])
 6 SYSTEMPATH\CodeIgniter.php(941): App\Controllers\DashboardController->index()
 7 SYSTEMPATH\CodeIgniter.php(502): CodeIgniter\CodeIgniter->runController(Object(App\Controllers\DashboardController))
 8 SYSTEMPATH\CodeIgniter.php(361): CodeIgniter\CodeIgniter->handleRequest(null, Object(Config\Cache), false)
 9 FCPATH\index.php(80): CodeIgniter\CodeIgniter->run()
INFO - 2024-12-20 23:24:25 --> Session: Class initialized using 'CodeIgniter\Session\Handlers\FileHandler' driver.
DEBUG - 2024-12-20 23:24:25 --> Current URL: http://localhost/library/index.php/dashboard
DEBUG - 2024-12-20 23:24:25 --> Last Activity: 1734737008
DEBUG - 2024-12-20 23:24:25 --> Last activity timestamp updated.
WARNING - 2024-12-20 23:24:25 --> [DEPRECATED] Creation of dynamic property App\Controllers\DashboardController::$view is deprecated in APPPATH\Controllers\BaseController.php on line 59.
 1 SYSTEMPATH\CodeIgniter.php(913): App\Controllers\BaseController->__construct()
 2 SYSTEMPATH\CodeIgniter.php(493): CodeIgniter\CodeIgniter->createController()
 3 SYSTEMPATH\CodeIgniter.php(361): CodeIgniter\CodeIgniter->handleRequest(null, Object(Config\Cache), false)
 4 FCPATH\index.php(80): CodeIgniter\CodeIgniter->run()
WARNING - 2024-12-20 23:24:25 --> [DEPRECATED] Optional parameter $userId declared before required parameter $role is implicitly treated as a required parameter in APPPATH\Models\Emprunt.php on line 50.
 1 SYSTEMPATH\Autoloader\Autoloader.php(311): include_once('C:\\xampp\\htdocs\\library\\system\\Debug\\Exceptions.php')
 2 SYSTEMPATH\Autoloader\Autoloader.php(290): CodeIgniter\Autoloader\Autoloader->includeFile('C:\\xampp\\htdocs\\library\\app\\Models\\Emprunt.php')
 3 SYSTEMPATH\Autoloader\Autoloader.php(266): CodeIgniter\Autoloader\Autoloader->loadInNamespace('App\\Models\\Emprunt')
 4 APPPATH\Controllers\DashboardController.php(22): CodeIgniter\Autoloader\Autoloader->loadClass('App\\Models\\Emprunt')
 5 SYSTEMPATH\CodeIgniter.php(941): App\Controllers\DashboardController->index()
 6 SYSTEMPATH\CodeIgniter.php(502): CodeIgniter\CodeIgniter->runController(Object(App\Controllers\DashboardController))
 7 SYSTEMPATH\CodeIgniter.php(361): CodeIgniter\CodeIgniter->handleRequest(null, Object(Config\Cache), false)
 8 FCPATH\index.php(80): CodeIgniter\CodeIgniter->run()
INFO - 2024-12-20 23:28:08 --> Session: Class initialized using 'CodeIgniter\Session\Handlers\FileHandler' driver.
DEBUG - 2024-12-20 23:28:08 --> Current URL: http://localhost/library/index.php/dashboard
DEBUG - 2024-12-20 23:28:08 --> Last Activity: 1734737065
DEBUG - 2024-12-20 23:28:08 --> Last activity timestamp updated.
INFO - 2024-12-20 23:28:15 --> Session: Class initialized using 'CodeIgniter\Session\Handlers\FileHandler' driver.
DEBUG - 2024-12-20 23:28:15 --> Current URL: http://localhost/library/index.php/dashboard
DEBUG - 2024-12-20 23:28:15 --> Last Activity: 1734737288
DEBUG - 2024-12-20 23:28:15 --> Last activity timestamp updated.
INFO - 2024-12-20 23:28:54 --> Session: Class initialized using 'CodeIgniter\Session\Handlers\FileHandler' driver.
DEBUG - 2024-12-20 23:28:54 --> Current URL: http://localhost/library/index.php/dashboard
DEBUG - 2024-12-20 23:28:54 --> Last Activity: 1734737295
DEBUG - 2024-12-20 23:28:54 --> Last activity timestamp updated.
WARNING - 2024-12-20 23:28:54 --> [DEPRECATED] Creation of dynamic property App\Controllers\DashboardController::$view is deprecated in APPPATH\Controllers\BaseController.php on line 59.
 1 SYSTEMPATH\CodeIgniter.php(913): App\Controllers\BaseController->__construct()
 2 SYSTEMPATH\CodeIgniter.php(493): CodeIgniter\CodeIgniter->createController()
 3 SYSTEMPATH\CodeIgniter.php(361): CodeIgniter\CodeIgniter->handleRequest(null, Object(Config\Cache), false)
 4 FCPATH\index.php(80): CodeIgniter\CodeIgniter->run()
WARNING - 2024-12-20 23:28:54 --> [DEPRECATED] Optional parameter $userId declared before required parameter $role is implicitly treated as a required parameter in APPPATH\Models\Emprunt.php on line 50.
 1 SYSTEMPATH\Autoloader\Autoloader.php(311): include_once('C:\\xampp\\htdocs\\library\\system\\Debug\\Exceptions.php')
 2 SYSTEMPATH\Autoloader\Autoloader.php(290): CodeIgniter\Autoloader\Autoloader->includeFile('C:\\xampp\\htdocs\\library\\app\\Models\\Emprunt.php')
 3 SYSTEMPATH\Autoloader\Autoloader.php(266): CodeIgniter\Autoloader\Autoloader->loadInNamespace('App\\Models\\Emprunt')
 4 APPPATH\Controllers\DashboardController.php(22): CodeIgniter\Autoloader\Autoloader->loadClass('App\\Models\\Emprunt')
 5 SYSTEMPATH\CodeIgniter.php(941): App\Controllers\DashboardController->index()
 6 SYSTEMPATH\CodeIgniter.php(502): CodeIgniter\CodeIgniter->runController(Object(App\Controllers\DashboardController))
 7 SYSTEMPATH\CodeIgniter.php(361): CodeIgniter\CodeIgniter->handleRequest(null, Object(Config\Cache), false)
 8 FCPATH\index.php(80): CodeIgniter\CodeIgniter->run()
CRITICAL - 2024-12-20 23:28:54 --> ErrorException: Undefined property: stdClass::$month_chiffre
in APPPATH\Controllers\DashboardController.php on line 100.
 1 APPPATH\Controllers\DashboardController.php(100): CodeIgniter\Debug\Exceptions->errorHandler(2, 'Undefined property: stdClass::$month_chiffre', 'C:\\xampp\\htdocs\\library\\app\\Controllers\\DashboardController.php', 100)
 2 APPPATH\Controllers\DashboardController.php(50): App\Controllers\DashboardController->getEmpruntData('ADMINISTRATEUR', 'ETUDIANT', '2')
 3 SYSTEMPATH\CodeIgniter.php(941): App\Controllers\DashboardController->index()
 4 SYSTEMPATH\CodeIgniter.php(502): CodeIgniter\CodeIgniter->runController(Object(App\Controllers\DashboardController))
 5 SYSTEMPATH\CodeIgniter.php(361): CodeIgniter\CodeIgniter->handleRequest(null, Object(Config\Cache), false)
 6 FCPATH\index.php(80): CodeIgniter\CodeIgniter->run()
INFO - 2024-12-20 23:29:29 --> Session: Class initialized using 'CodeIgniter\Session\Handlers\FileHandler' driver.
DEBUG - 2024-12-20 23:29:29 --> Current URL: http://localhost/library/index.php/dashboard
DEBUG - 2024-12-20 23:29:29 --> Last Activity: 1734737334
DEBUG - 2024-12-20 23:29:29 --> Last activity timestamp updated.
WARNING - 2024-12-20 23:29:29 --> [DEPRECATED] Creation of dynamic property App\Controllers\DashboardController::$view is deprecated in APPPATH\Controllers\BaseController.php on line 59.
 1 SYSTEMPATH\CodeIgniter.php(913): App\Controllers\BaseController->__construct()
 2 SYSTEMPATH\CodeIgniter.php(493): CodeIgniter\CodeIgniter->createController()
 3 SYSTEMPATH\CodeIgniter.php(361): CodeIgniter\CodeIgniter->handleRequest(null, Object(Config\Cache), false)
 4 FCPATH\index.php(80): CodeIgniter\CodeIgniter->run()
WARNING - 2024-12-20 23:29:29 --> [DEPRECATED] Optional parameter $userId declared before required parameter $role is implicitly treated as a required parameter in APPPATH\Models\Emprunt.php on line 50.
 1 SYSTEMPATH\Autoloader\Autoloader.php(311): include_once('C:\\xampp\\htdocs\\library\\system\\Debug\\Exceptions.php')
 2 SYSTEMPATH\Autoloader\Autoloader.php(290): CodeIgniter\Autoloader\Autoloader->includeFile('C:\\xampp\\htdocs\\library\\app\\Models\\Emprunt.php')
 3 SYSTEMPATH\Autoloader\Autoloader.php(266): CodeIgniter\Autoloader\Autoloader->loadInNamespace('App\\Models\\Emprunt')
 4 APPPATH\Controllers\DashboardController.php(22): CodeIgniter\Autoloader\Autoloader->loadClass('App\\Models\\Emprunt')
 5 SYSTEMPATH\CodeIgniter.php(941): App\Controllers\DashboardController->index()
 6 SYSTEMPATH\CodeIgniter.php(502): CodeIgniter\CodeIgniter->runController(Object(App\Controllers\DashboardController))
 7 SYSTEMPATH\CodeIgniter.php(361): CodeIgniter\CodeIgniter->handleRequest(null, Object(Config\Cache), false)
 8 FCPATH\index.php(80): CodeIgniter\CodeIgniter->run()
INFO - 2024-12-20 23:30:19 --> Session: Class initialized using 'CodeIgniter\Session\Handlers\FileHandler' driver.
DEBUG - 2024-12-20 23:30:19 --> Current URL: http://localhost/library/index.php/dashboard
DEBUG - 2024-12-20 23:30:19 --> Last Activity: 1734737369
DEBUG - 2024-12-20 23:30:19 --> Last activity timestamp updated.
WARNING - 2024-12-20 23:30:19 --> [DEPRECATED] Creation of dynamic property App\Controllers\DashboardController::$view is deprecated in APPPATH\Controllers\BaseController.php on line 59.
 1 SYSTEMPATH\CodeIgniter.php(913): App\Controllers\BaseController->__construct()
 2 SYSTEMPATH\CodeIgniter.php(493): CodeIgniter\CodeIgniter->createController()
 3 SYSTEMPATH\CodeIgniter.php(361): CodeIgniter\CodeIgniter->handleRequest(null, Object(Config\Cache), false)
 4 FCPATH\index.php(80): CodeIgniter\CodeIgniter->run()
WARNING - 2024-12-20 23:30:19 --> [DEPRECATED] Optional parameter $userId declared before required parameter $role is implicitly treated as a required parameter in APPPATH\Models\Emprunt.php on line 50.
 1 SYSTEMPATH\Autoloader\Autoloader.php(311): include_once('C:\\xampp\\htdocs\\library\\system\\Debug\\Exceptions.php')
 2 SYSTEMPATH\Autoloader\Autoloader.php(290): CodeIgniter\Autoloader\Autoloader->includeFile('C:\\xampp\\htdocs\\library\\app\\Models\\Emprunt.php')
 3 SYSTEMPATH\Autoloader\Autoloader.php(266): CodeIgniter\Autoloader\Autoloader->loadInNamespace('App\\Models\\Emprunt')
 4 APPPATH\Controllers\DashboardController.php(22): CodeIgniter\Autoloader\Autoloader->loadClass('App\\Models\\Emprunt')
 5 SYSTEMPATH\CodeIgniter.php(941): App\Controllers\DashboardController->index()
 6 SYSTEMPATH\CodeIgniter.php(502): CodeIgniter\CodeIgniter->runController(Object(App\Controllers\DashboardController))
 7 SYSTEMPATH\CodeIgniter.php(361): CodeIgniter\CodeIgniter->handleRequest(null, Object(Config\Cache), false)
 8 FCPATH\index.php(80): CodeIgniter\CodeIgniter->run()
CRITICAL - 2024-12-20 23:30:19 --> ErrorException: Undefined property: stdClass::$month_chiffre
in APPPATH\Controllers\DashboardController.php on line 100.
 1 APPPATH\Controllers\DashboardController.php(100): CodeIgniter\Debug\Exceptions->errorHandler(2, 'Undefined property: stdClass::$month_chiffre', 'C:\\xampp\\htdocs\\library\\app\\Controllers\\DashboardController.php', 100)
 2 APPPATH\Controllers\DashboardController.php(50): App\Controllers\DashboardController->getEmpruntData('ADMINISTRATEUR', 'ETUDIANT', '2')
 3 SYSTEMPATH\CodeIgniter.php(941): App\Controllers\DashboardController->index()
 4 SYSTEMPATH\CodeIgniter.php(502): CodeIgniter\CodeIgniter->runController(Object(App\Controllers\DashboardController))
 5 SYSTEMPATH\CodeIgniter.php(361): CodeIgniter\CodeIgniter->handleRequest(null, Object(Config\Cache), false)
 6 FCPATH\index.php(80): CodeIgniter\CodeIgniter->run()
INFO - 2024-12-20 23:34:47 --> Session: Class initialized using 'CodeIgniter\Session\Handlers\FileHandler' driver.
DEBUG - 2024-12-20 23:34:47 --> Current URL: http://localhost/library/index.php/dashboard
DEBUG - 2024-12-20 23:34:47 --> Last Activity: 1734737419
DEBUG - 2024-12-20 23:34:47 --> Last activity timestamp updated.
WARNING - 2024-12-20 23:34:47 --> [DEPRECATED] Creation of dynamic property App\Controllers\DashboardController::$view is deprecated in APPPATH\Controllers\BaseController.php on line 59.
 1 SYSTEMPATH\CodeIgniter.php(913): App\Controllers\BaseController->__construct()
 2 SYSTEMPATH\CodeIgniter.php(493): CodeIgniter\CodeIgniter->createController()
 3 SYSTEMPATH\CodeIgniter.php(361): CodeIgniter\CodeIgniter->handleRequest(null, Object(Config\Cache), false)
 4 FCPATH\index.php(80): CodeIgniter\CodeIgniter->run()
WARNING - 2024-12-20 23:34:47 --> [DEPRECATED] Optional parameter $userId declared before required parameter $role is implicitly treated as a required parameter in APPPATH\Models\Emprunt.php on line 50.
 1 SYSTEMPATH\Autoloader\Autoloader.php(311): include_once('C:\\xampp\\htdocs\\library\\system\\Debug\\Exceptions.php')
 2 SYSTEMPATH\Autoloader\Autoloader.php(290): CodeIgniter\Autoloader\Autoloader->includeFile('C:\\xampp\\htdocs\\library\\app\\Models\\Emprunt.php')
 3 SYSTEMPATH\Autoloader\Autoloader.php(266): CodeIgniter\Autoloader\Autoloader->loadInNamespace('App\\Models\\Emprunt')
 4 APPPATH\Controllers\DashboardController.php(22): CodeIgniter\Autoloader\Autoloader->loadClass('App\\Models\\Emprunt')
 5 SYSTEMPATH\CodeIgniter.php(941): App\Controllers\DashboardController->index()
 6 SYSTEMPATH\CodeIgniter.php(502): CodeIgniter\CodeIgniter->runController(Object(App\Controllers\DashboardController))
 7 SYSTEMPATH\CodeIgniter.php(361): CodeIgniter\CodeIgniter->handleRequest(null, Object(Config\Cache), false)
 8 FCPATH\index.php(80): CodeIgniter\CodeIgniter->run()
CRITICAL - 2024-12-20 23:34:47 --> ErrorException: Undefined property: stdClass::$month_chiffre
in APPPATH\Controllers\DashboardController.php on line 101.
 1 APPPATH\Controllers\DashboardController.php(101): CodeIgniter\Debug\Exceptions->errorHandler(2, 'Undefined property: stdClass::$month_chiffre', 'C:\\xampp\\htdocs\\library\\app\\Controllers\\DashboardController.php', 101)
 2 APPPATH\Controllers\DashboardController.php(50): App\Controllers\DashboardController->getEmpruntData('ADMINISTRATEUR', 'ETUDIANT', '2')
 3 SYSTEMPATH\CodeIgniter.php(941): App\Controllers\DashboardController->index()
 4 SYSTEMPATH\CodeIgniter.php(502): CodeIgniter\CodeIgniter->runController(Object(App\Controllers\DashboardController))
 5 SYSTEMPATH\CodeIgniter.php(361): CodeIgniter\CodeIgniter->handleRequest(null, Object(Config\Cache), false)
 6 FCPATH\index.php(80): CodeIgniter\CodeIgniter->run()
INFO - 2024-12-20 23:34:48 --> Session: Class initialized using 'CodeIgniter\Session\Handlers\FileHandler' driver.
DEBUG - 2024-12-20 23:34:48 --> Current URL: http://localhost/library/index.php/dashboard
DEBUG - 2024-12-20 23:34:48 --> Last Activity: 1734737687
DEBUG - 2024-12-20 23:34:48 --> Last activity timestamp updated.
WARNING - 2024-12-20 23:34:48 --> [DEPRECATED] Creation of dynamic property App\Controllers\DashboardController::$view is deprecated in APPPATH\Controllers\BaseController.php on line 59.
 1 SYSTEMPATH\CodeIgniter.php(913): App\Controllers\BaseController->__construct()
 2 SYSTEMPATH\CodeIgniter.php(493): CodeIgniter\CodeIgniter->createController()
 3 SYSTEMPATH\CodeIgniter.php(361): CodeIgniter\CodeIgniter->handleRequest(null, Object(Config\Cache), false)
 4 FCPATH\index.php(80): CodeIgniter\CodeIgniter->run()
WARNING - 2024-12-20 23:34:48 --> [DEPRECATED] Optional parameter $userId declared before required parameter $role is implicitly treated as a required parameter in APPPATH\Models\Emprunt.php on line 50.
 1 SYSTEMPATH\Autoloader\Autoloader.php(311): include_once('C:\\xampp\\htdocs\\library\\system\\Debug\\Exceptions.php')
 2 SYSTEMPATH\Autoloader\Autoloader.php(290): CodeIgniter\Autoloader\Autoloader->includeFile('C:\\xampp\\htdocs\\library\\app\\Models\\Emprunt.php')
 3 SYSTEMPATH\Autoloader\Autoloader.php(266): CodeIgniter\Autoloader\Autoloader->loadInNamespace('App\\Models\\Emprunt')
 4 APPPATH\Controllers\DashboardController.php(22): CodeIgniter\Autoloader\Autoloader->loadClass('App\\Models\\Emprunt')
 5 SYSTEMPATH\CodeIgniter.php(941): App\Controllers\DashboardController->index()
 6 SYSTEMPATH\CodeIgniter.php(502): CodeIgniter\CodeIgniter->runController(Object(App\Controllers\DashboardController))
 7 SYSTEMPATH\CodeIgniter.php(361): CodeIgniter\CodeIgniter->handleRequest(null, Object(Config\Cache), false)
 8 FCPATH\index.php(80): CodeIgniter\CodeIgniter->run()
CRITICAL - 2024-12-20 23:34:48 --> ErrorException: Undefined property: stdClass::$month_chiffre
in APPPATH\Controllers\DashboardController.php on line 101.
 1 APPPATH\Controllers\DashboardController.php(101): CodeIgniter\Debug\Exceptions->errorHandler(2, 'Undefined property: stdClass::$month_chiffre', 'C:\\xampp\\htdocs\\library\\app\\Controllers\\DashboardController.php', 101)
 2 APPPATH\Controllers\DashboardController.php(50): App\Controllers\DashboardController->getEmpruntData('ADMINISTRATEUR', 'ETUDIANT', '2')
 3 SYSTEMPATH\CodeIgniter.php(941): App\Controllers\DashboardController->index()
 4 SYSTEMPATH\CodeIgniter.php(502): CodeIgniter\CodeIgniter->runController(Object(App\Controllers\DashboardController))
 5 SYSTEMPATH\CodeIgniter.php(361): CodeIgniter\CodeIgniter->handleRequest(null, Object(Config\Cache), false)
 6 FCPATH\index.php(80): CodeIgniter\CodeIgniter->run()
INFO - 2024-12-20 23:34:49 --> Session: Class initialized using 'CodeIgniter\Session\Handlers\FileHandler' driver.
DEBUG - 2024-12-20 23:34:49 --> Current URL: http://localhost/library/index.php/dashboard
DEBUG - 2024-12-20 23:34:49 --> Last Activity: 1734737688
DEBUG - 2024-12-20 23:34:49 --> Last activity timestamp updated.
WARNING - 2024-12-20 23:34:49 --> [DEPRECATED] Creation of dynamic property App\Controllers\DashboardController::$view is deprecated in APPPATH\Controllers\BaseController.php on line 59.
 1 SYSTEMPATH\CodeIgniter.php(913): App\Controllers\BaseController->__construct()
 2 SYSTEMPATH\CodeIgniter.php(493): CodeIgniter\CodeIgniter->createController()
 3 SYSTEMPATH\CodeIgniter.php(361): CodeIgniter\CodeIgniter->handleRequest(null, Object(Config\Cache), false)
 4 FCPATH\index.php(80): CodeIgniter\CodeIgniter->run()
WARNING - 2024-12-20 23:34:49 --> [DEPRECATED] Optional parameter $userId declared before required parameter $role is implicitly treated as a required parameter in APPPATH\Models\Emprunt.php on line 50.
 1 SYSTEMPATH\Autoloader\Autoloader.php(311): include_once('C:\\xampp\\htdocs\\library\\system\\Debug\\Exceptions.php')
 2 SYSTEMPATH\Autoloader\Autoloader.php(290): CodeIgniter\Autoloader\Autoloader->includeFile('C:\\xampp\\htdocs\\library\\app\\Models\\Emprunt.php')
 3 SYSTEMPATH\Autoloader\Autoloader.php(266): CodeIgniter\Autoloader\Autoloader->loadInNamespace('App\\Models\\Emprunt')
 4 APPPATH\Controllers\DashboardController.php(22): CodeIgniter\Autoloader\Autoloader->loadClass('App\\Models\\Emprunt')
 5 SYSTEMPATH\CodeIgniter.php(941): App\Controllers\DashboardController->index()
 6 SYSTEMPATH\CodeIgniter.php(502): CodeIgniter\CodeIgniter->runController(Object(App\Controllers\DashboardController))
 7 SYSTEMPATH\CodeIgniter.php(361): CodeIgniter\CodeIgniter->handleRequest(null, Object(Config\Cache), false)
 8 FCPATH\index.php(80): CodeIgniter\CodeIgniter->run()
CRITICAL - 2024-12-20 23:34:50 --> ErrorException: Undefined property: stdClass::$month_chiffre
in APPPATH\Controllers\DashboardController.php on line 101.
 1 APPPATH\Controllers\DashboardController.php(101): CodeIgniter\Debug\Exceptions->errorHandler(2, 'Undefined property: stdClass::$month_chiffre', 'C:\\xampp\\htdocs\\library\\app\\Controllers\\DashboardController.php', 101)
 2 APPPATH\Controllers\DashboardController.php(50): App\Controllers\DashboardController->getEmpruntData('ADMINISTRATEUR', 'ETUDIANT', '2')
 3 SYSTEMPATH\CodeIgniter.php(941): App\Controllers\DashboardController->index()
 4 SYSTEMPATH\CodeIgniter.php(502): CodeIgniter\CodeIgniter->runController(Object(App\Controllers\DashboardController))
 5 SYSTEMPATH\CodeIgniter.php(361): CodeIgniter\CodeIgniter->handleRequest(null, Object(Config\Cache), false)
 6 FCPATH\index.php(80): CodeIgniter\CodeIgniter->run()
INFO - 2024-12-20 23:34:51 --> Session: Class initialized using 'CodeIgniter\Session\Handlers\FileHandler' driver.
DEBUG - 2024-12-20 23:34:51 --> Current URL: http://localhost/library/index.php/dashboard
DEBUG - 2024-12-20 23:34:51 --> Last Activity: 1734737689
DEBUG - 2024-12-20 23:34:51 --> Last activity timestamp updated.
WARNING - 2024-12-20 23:34:51 --> [DEPRECATED] Creation of dynamic property App\Controllers\DashboardController::$view is deprecated in APPPATH\Controllers\BaseController.php on line 59.
 1 SYSTEMPATH\CodeIgniter.php(913): App\Controllers\BaseController->__construct()
 2 SYSTEMPATH\CodeIgniter.php(493): CodeIgniter\CodeIgniter->createController()
 3 SYSTEMPATH\CodeIgniter.php(361): CodeIgniter\CodeIgniter->handleRequest(null, Object(Config\Cache), false)
 4 FCPATH\index.php(80): CodeIgniter\CodeIgniter->run()
WARNING - 2024-12-20 23:34:51 --> [DEPRECATED] Optional parameter $userId declared before required parameter $role is implicitly treated as a required parameter in APPPATH\Models\Emprunt.php on line 50.
 1 SYSTEMPATH\Autoloader\Autoloader.php(311): include_once('C:\\xampp\\htdocs\\library\\system\\Debug\\Exceptions.php')
 2 SYSTEMPATH\Autoloader\Autoloader.php(290): CodeIgniter\Autoloader\Autoloader->includeFile('C:\\xampp\\htdocs\\library\\app\\Models\\Emprunt.php')
 3 SYSTEMPATH\Autoloader\Autoloader.php(266): CodeIgniter\Autoloader\Autoloader->loadInNamespace('App\\Models\\Emprunt')
 4 APPPATH\Controllers\DashboardController.php(22): CodeIgniter\Autoloader\Autoloader->loadClass('App\\Models\\Emprunt')
 5 SYSTEMPATH\CodeIgniter.php(941): App\Controllers\DashboardController->index()
 6 SYSTEMPATH\CodeIgniter.php(502): CodeIgniter\CodeIgniter->runController(Object(App\Controllers\DashboardController))
 7 SYSTEMPATH\CodeIgniter.php(361): CodeIgniter\CodeIgniter->handleRequest(null, Object(Config\Cache), false)
 8 FCPATH\index.php(80): CodeIgniter\CodeIgniter->run()
CRITICAL - 2024-12-20 23:34:51 --> ErrorException: Undefined property: stdClass::$month_chiffre
in APPPATH\Controllers\DashboardController.php on line 101.
 1 APPPATH\Controllers\DashboardController.php(101): CodeIgniter\Debug\Exceptions->errorHandler(2, 'Undefined property: stdClass::$month_chiffre', 'C:\\xampp\\htdocs\\library\\app\\Controllers\\DashboardController.php', 101)
 2 APPPATH\Controllers\DashboardController.php(50): App\Controllers\DashboardController->getEmpruntData('ADMINISTRATEUR', 'ETUDIANT', '2')
 3 SYSTEMPATH\CodeIgniter.php(941): App\Controllers\DashboardController->index()
 4 SYSTEMPATH\CodeIgniter.php(502): CodeIgniter\CodeIgniter->runController(Object(App\Controllers\DashboardController))
 5 SYSTEMPATH\CodeIgniter.php(361): CodeIgniter\CodeIgniter->handleRequest(null, Object(Config\Cache), false)
 6 FCPATH\index.php(80): CodeIgniter\CodeIgniter->run()
INFO - 2024-12-20 23:35:15 --> Session: Class initialized using 'CodeIgniter\Session\Handlers\FileHandler' driver.
DEBUG - 2024-12-20 23:35:15 --> Current URL: http://localhost/library/index.php/dashboard
DEBUG - 2024-12-20 23:35:15 --> Last Activity: 1734737691
DEBUG - 2024-12-20 23:35:15 --> Last activity timestamp updated.
WARNING - 2024-12-20 23:35:15 --> [DEPRECATED] Creation of dynamic property App\Controllers\DashboardController::$view is deprecated in APPPATH\Controllers\BaseController.php on line 59.
 1 SYSTEMPATH\CodeIgniter.php(913): App\Controllers\BaseController->__construct()
 2 SYSTEMPATH\CodeIgniter.php(493): CodeIgniter\CodeIgniter->createController()
 3 SYSTEMPATH\CodeIgniter.php(361): CodeIgniter\CodeIgniter->handleRequest(null, Object(Config\Cache), false)
 4 FCPATH\index.php(80): CodeIgniter\CodeIgniter->run()
WARNING - 2024-12-20 23:35:15 --> [DEPRECATED] Optional parameter $userId declared before required parameter $role is implicitly treated as a required parameter in APPPATH\Models\Emprunt.php on line 50.
 1 SYSTEMPATH\Autoloader\Autoloader.php(311): include_once('C:\\xampp\\htdocs\\library\\system\\Debug\\Exceptions.php')
 2 SYSTEMPATH\Autoloader\Autoloader.php(290): CodeIgniter\Autoloader\Autoloader->includeFile('C:\\xampp\\htdocs\\library\\app\\Models\\Emprunt.php')
 3 SYSTEMPATH\Autoloader\Autoloader.php(266): CodeIgniter\Autoloader\Autoloader->loadInNamespace('App\\Models\\Emprunt')
 4 APPPATH\Controllers\DashboardController.php(22): CodeIgniter\Autoloader\Autoloader->loadClass('App\\Models\\Emprunt')
 5 SYSTEMPATH\CodeIgniter.php(941): App\Controllers\DashboardController->index()
 6 SYSTEMPATH\CodeIgniter.php(502): CodeIgniter\CodeIgniter->runController(Object(App\Controllers\DashboardController))
 7 SYSTEMPATH\CodeIgniter.php(361): CodeIgniter\CodeIgniter->handleRequest(null, Object(Config\Cache), false)
 8 FCPATH\index.php(80): CodeIgniter\CodeIgniter->run()
INFO - 2024-12-20 23:38:05 --> Session: Class initialized using 'CodeIgniter\Session\Handlers\FileHandler' driver.
DEBUG - 2024-12-20 23:38:05 --> Current URL: http://localhost/library/index.php/dashboard
DEBUG - 2024-12-20 23:38:05 --> Last Activity: 1734737715
DEBUG - 2024-12-20 23:38:05 --> Last activity timestamp updated.
WARNING - 2024-12-20 23:38:05 --> [DEPRECATED] Creation of dynamic property App\Controllers\DashboardController::$view is deprecated in APPPATH\Controllers\BaseController.php on line 59.
 1 SYSTEMPATH\CodeIgniter.php(913): App\Controllers\BaseController->__construct()
 2 SYSTEMPATH\CodeIgniter.php(493): CodeIgniter\CodeIgniter->createController()
 3 SYSTEMPATH\CodeIgniter.php(361): CodeIgniter\CodeIgniter->handleRequest(null, Object(Config\Cache), false)
 4 FCPATH\index.php(80): CodeIgniter\CodeIgniter->run()
WARNING - 2024-12-20 23:38:05 --> [DEPRECATED] Optional parameter $userId declared before required parameter $role is implicitly treated as a required parameter in APPPATH\Models\Emprunt.php on line 50.
 1 SYSTEMPATH\Autoloader\Autoloader.php(311): include_once('C:\\xampp\\htdocs\\library\\system\\Debug\\Exceptions.php')
 2 SYSTEMPATH\Autoloader\Autoloader.php(290): CodeIgniter\Autoloader\Autoloader->includeFile('C:\\xampp\\htdocs\\library\\app\\Models\\Emprunt.php')
 3 SYSTEMPATH\Autoloader\Autoloader.php(266): CodeIgniter\Autoloader\Autoloader->loadInNamespace('App\\Models\\Emprunt')
 4 APPPATH\Controllers\DashboardController.php(22): CodeIgniter\Autoloader\Autoloader->loadClass('App\\Models\\Emprunt')
 5 SYSTEMPATH\CodeIgniter.php(941): App\Controllers\DashboardController->index()
 6 SYSTEMPATH\CodeIgniter.php(502): CodeIgniter\CodeIgniter->runController(Object(App\Controllers\DashboardController))
 7 SYSTEMPATH\CodeIgniter.php(361): CodeIgniter\CodeIgniter->handleRequest(null, Object(Config\Cache), false)
 8 FCPATH\index.php(80): CodeIgniter\CodeIgniter->run()
DEBUG - 2024-12-20 23:38:11 --> Current URL: http://localhost/library/index.php/auth/logout
INFO - 2024-12-20 23:38:11 --> Session: Class initialized using 'CodeIgniter\Session\Handlers\FileHandler' driver.
DEBUG - 2024-12-20 23:38:11 --> Last Activity: 1734737885
DEBUG - 2024-12-20 23:38:11 --> Last activity timestamp updated.
WARNING - 2024-12-20 23:38:11 --> [DEPRECATED] Creation of dynamic property App\Controllers\Auth::$view is deprecated in APPPATH\Controllers\BaseController.php on line 59.
 1 APPPATH\Controllers\Auth.php(20): App\Controllers\BaseController->__construct()
 2 SYSTEMPATH\CodeIgniter.php(913): App\Controllers\Auth->__construct()
 3 SYSTEMPATH\CodeIgniter.php(493): CodeIgniter\CodeIgniter->createController()
 4 SYSTEMPATH\CodeIgniter.php(361): CodeIgniter\CodeIgniter->handleRequest(null, Object(Config\Cache), false)
 5 FCPATH\index.php(80): CodeIgniter\CodeIgniter->run()
INFO - 2024-12-20 23:38:11 --> Session: Class initialized using 'CodeIgniter\Session\Handlers\FileHandler' driver.
WARNING - 2024-12-20 23:38:11 --> [DEPRECATED] Creation of dynamic property App\Controllers\Auth::$view is deprecated in APPPATH\Controllers\BaseController.php on line 59.
 1 APPPATH\Controllers\Auth.php(20): App\Controllers\BaseController->__construct()
 2 SYSTEMPATH\CodeIgniter.php(913): App\Controllers\Auth->__construct()
 3 SYSTEMPATH\CodeIgniter.php(493): CodeIgniter\CodeIgniter->createController()
 4 SYSTEMPATH\CodeIgniter.php(361): CodeIgniter\CodeIgniter->handleRequest(null, Object(Config\Cache), false)
 5 FCPATH\index.php(80): CodeIgniter\CodeIgniter->run()
